<?xml version="1.0" encoding="utf-8"?><testsuites name="pytest tests"><testsuite name="pytest" errors="0" failures="0" skipped="0" tests="12" time="22.171" timestamp="2026-03-31T04:34:06.752975+00:00" hostname="agent-env-369fb371-dfec-4e5a-81d1-42a79df402c3"><testcase classname="backend.tests.test_price_integrity_p2.TestTickerMappingsEndpoint" name="test_ticker_mappings_returns_known_renames" time="10.513" /><testcase classname="backend.tests.test_price_integrity_p2.TestTickerMappingsEndpoint" name="test_ticker_mappings_returns_dead_tickers" time="0.118" /><testcase classname="backend.tests.test_price_integrity_p2.TestPriceIntegrityZI" name="test_zi_shows_renamed_to_gtm" time="0.111" /><testcase classname="backend.tests.test_price_integrity_p2.TestPriceIntegrityMRVL" name="test_mrvl_shows_healthy" time="0.108" /><testcase classname="backend.tests.test_price_integrity_p2.TestPriceIntegrityBatch" name="test_batch_healthy_symbols" time="0.111" /><testcase classname="backend.tests.test_price_integrity_p2.TestAutoTradeScan" name="test_scan_excludes_dead_tickers" time="2.001" /><testcase classname="backend.tests.test_price_integrity_p2.TestAutoTradeScan" name="test_scan_has_price_audit" time="1.688" /><testcase classname="backend.tests.test_price_integrity_p2.TestAutoTradeScan" name="test_candidates_have_price_data" time="1.634" /><testcase classname="backend.tests.test_price_integrity_p2.TestAutoTradeScan" name="test_candidates_have_entry_status" time="1.709" /><testcase classname="backend.tests.test_price_integrity_p2.TestInvestmentsScan" name="test_investments_excludes_dead_tickers" time="0.705" /><testcase classname="backend.tests.test_price_integrity_p2.TestInvestmentsScan" name="test_renamed_tickers_allowed" time="0.688" /><testcase classname="backend.tests.test_price_integrity_p2.TestSyncSignals" name="test_sync_signals_returns_counts" time="2.595" /></testsuite></testsuites>