<?xml version="1.0" encoding="utf-8"?><testsuites name="pytest tests"><testsuite name="pytest" errors="0" failures="0" skipped="0" tests="10" time="56.405" timestamp="2026-03-30T09:45:30.199122+00:00" hostname="agent-env-369fb371-dfec-4e5a-81d1-42a79df402c3"><testcase classname="backend.tests.test_mtf_momentum_mode.TestMTFMomentumModeAPI" name="test_auth_access_works" time="0.281" /><testcase classname="backend.tests.test_mtf_momentum_mode.TestMTFMomentumModeAPI" name="test_scan_returns_mtf_stats" time="39.054" /><testcase classname="backend.tests.test_mtf_momentum_mode.TestMTFMomentumModeAPI" name="test_day_trade_candidates_have_mtf_fields" time="1.987" /><testcase classname="backend.tests.test_mtf_momentum_mode.TestMTFMomentumModeAPI" name="test_explanation_has_mtf_key_indicators" time="5.853" /><testcase classname="backend.tests.test_mtf_momentum_mode.TestMTFMomentumModeAPI" name="test_pipeline_funnel_has_mtf_rejections" time="2.001" /><testcase classname="backend.tests.test_mtf_momentum_mode.TestMTFMomentumModeAPI" name="test_rejected_candidates_show_mtf_conflict_reasons" time="1.785" /><testcase classname="backend.tests.test_mtf_momentum_mode.TestMTFMomentumModeAPI" name="test_stats_grid_has_9_columns" time="1.719" /><testcase classname="backend.tests.test_mtf_momentum_mode.TestMTFMomentumModeAPI" name="test_buy_reasons_include_mtf_aligned_text" time="1.746" /><testcase classname="backend.tests.test_mtf_momentum_mode.TestMTFMomentumModeAPI" name="test_momentum_mode_badge_candidates" time="1.739" /><testcase classname="backend.tests.test_mtf_momentum_mode.TestMTFMomentumModeSettings" name="test_settings_endpoint_works" time="0.169" /></testsuite></testsuites>