<?xml version="1.0" encoding="utf-8"?><testsuites name="pytest tests"><testsuite name="pytest" errors="0" failures="0" skipped="0" tests="193" time="240.053" timestamp="2026-03-30T12:20:02.337603+00:00" hostname="agent-env-369fb371-dfec-4e5a-81d1-42a79df402c3"><testcase classname="tests.test_auto_trade.TestAutoTradeSystem" name="test_auto_trade_status_returns_200" time="0.884" /><testcase classname="tests.test_auto_trade.TestAutoTradeSystem" name="test_auto_trade_status_requires_auth" time="0.352" /><testcase classname="tests.test_auto_trade.TestAutoTradeSystem" name="test_auto_trade_toggle_on" time="0.221" /><testcase classname="tests.test_auto_trade.TestAutoTradeSystem" name="test_auto_trade_toggle_off" time="0.271" /><testcase classname="tests.test_auto_trade.TestAutoTradeSystem" name="test_toggle_persists_state" time="1.492" /><testcase classname="tests.test_auto_trade.TestAutoTradeSystem" name="test_auto_trade_scan_returns_200" time="9.088" /><testcase classname="tests.test_auto_trade.TestAutoTradeSystem" name="test_scan_long_term_candidates_have_explanation" time="1.973" /><testcase classname="tests.test_auto_trade.TestAutoTradeSystem" name="test_get_settings" time="0.252" /><testcase classname="tests.test_auto_trade.TestAutoTradeSystem" name="test_update_settings" time="0.519" /><testcase classname="tests.test_auto_trade.TestAutoTradeSystem" name="test_update_multiple_settings" time="0.310" /><testcase classname="tests.test_auto_trade.TestAutoTradeSystem" name="test_emergency_pause" time="0.846" /><testcase classname="tests.test_auto_trade.TestAutoTradeSystem" name="test_auto_trade_history" time="0.195" /><testcase classname="tests.test_auto_trade.TestAutoTradeSystem" name="test_market_regime_values" time="0.622" /><testcase classname="tests.test_auto_trade.TestAutoTradeDataIntegrity" name="test_scan_stats_valid" time="1.759" /><testcase classname="tests.test_auto_trade.TestAutoTradeDataIntegrity" name="test_candidate_confidence_scores_valid" time="1.823" /><testcase classname="tests.test_direction_confidence_fixes.TestAccessGate" name="test_access_gate_with_valid_code" time="0.103" /><testcase classname="tests.test_direction_confidence_fixes.TestAccessGate" name="test_access_gate_with_invalid_code" time="0.113" /><testcase classname="tests.test_direction_confidence_fixes.TestDirectionBugFix" name="test_scan_returns_correct_direction_action_mapping" time="1.781" /><testcase classname="tests.test_direction_confidence_fixes.TestDirectionBugFix" name="test_no_buy_short_combination" time="0.000" /><testcase classname="tests.test_direction_confidence_fixes.TestConfidenceScoreNormalization" name="test_confidence_distribution_fields_exist" time="0.000" /><testcase classname="tests.test_direction_confidence_fixes.TestConfidenceScoreNormalization" name="test_confidence_scores_are_distributed" time="0.000" /><testcase classname="tests.test_direction_confidence_fixes.TestMomentumModeControl" name="test_momentum_pct_field_exists" time="0.000" /><testcase classname="tests.test_direction_confidence_fixes.TestMomentumModeControl" name="test_momentum_mode_candidates_reasonable" time="0.000" /><testcase classname="tests.test_direction_confidence_fixes.TestPreMarketSafety" name="test_market_session_field_exists" time="0.000" /><testcase classname="tests.test_direction_confidence_fixes.TestMTFConflictDetection" name="test_mtf_conflict_rejections_field_exists" time="0.000" /><testcase classname="tests.test_direction_confidence_fixes.TestMTFConflictDetection" name="test_rejected_candidates_show_mtf_conflict" time="0.000" /><testcase classname="tests.test_direction_confidence_fixes.TestTradeLoggingSystem" name="test_trade_log_endpoint_returns_200" time="0.105" /><testcase classname="tests.test_direction_confidence_fixes.TestTradeLoggingSystem" name="test_trade_log_entry_structure" time="0.103" /><testcase classname="tests.test_direction_confidence_fixes.TestScanResponseStructure" name="test_scan_response_has_required_fields" time="0.000" /><testcase classname="tests.test_direction_confidence_fixes.TestScanResponseStructure" name="test_stats_has_required_fields" time="0.000" /><testcase classname="tests.test_direction_confidence_fixes.TestDayTradeCandidateStructure" name="test_day_trade_candidates_have_required_fields" time="0.000" /><testcase classname="tests.test_direction_confidence_fixes.TestDayTradeCandidateStructure" name="test_day_trade_action_badges_correct" time="0.000" /><testcase classname="tests.test_historical_performance.TestHistoricalPerformance" name="test_investments_scan_returns_signals" time="0.873" /><testcase classname="tests.test_historical_performance.TestHistoricalPerformance" name="test_signals_have_historical_performance_field" time="0.756" /><testcase classname="tests.test_historical_performance.TestHistoricalPerformance" name="test_historical_performance_structure" time="0.733" /><testcase classname="tests.test_historical_performance.TestHistoricalPerformance" name="test_historical_performance_values_valid" time="0.684" /><testcase classname="tests.test_historical_performance.TestHistoricalPerformance" name="test_aapl_has_long_history" time="0.703" /><testcase classname="tests.test_historical_performance.TestHistoricalPerformance" name="test_investments_refresh_endpoint" time="0.102" /><testcase classname="tests.test_historical_performance.TestHistoricalPerformance" name="test_historical_performance_cagr_values" time="1.283" /><testcase classname="tests.test_historical_performance.TestHistoricalPerformance" name="test_historical_performance_best_worst_years" time="0.764" /><testcase classname="tests.test_historical_performance.TestInvestmentsAPIBasics" name="test_auth_works" time="0.100" /><testcase classname="tests.test_historical_performance.TestInvestmentsAPIBasics" name="test_investments_scan_response_structure" time="0.790" /><testcase classname="tests.test_investments_universe.TestInvestmentUniverse" name="test_filters_endpoint_returns_sectors" time="0.238" /><testcase classname="tests.test_investments_universe.TestInvestmentUniverse" name="test_filters_endpoint_returns_signal_counts" time="0.204" /><testcase classname="tests.test_investments_universe.TestInvestmentUniverse" name="test_filters_endpoint_returns_category_counts" time="0.828" /><testcase classname="tests.test_investments_universe.TestInvestmentUniverse" name="test_filters_endpoint_returns_total_signals" time="0.271" /><testcase classname="tests.test_investments_universe.TestInvestmentUniverse" name="test_filters_endpoint_returns_market_cap_ranges" time="0.246" /><testcase classname="tests.test_investments_universe.TestInvestmentUniverse" name="test_browse_endpoint_returns_paginated_results" time="0.215" /><testcase classname="tests.test_investments_universe.TestInvestmentUniverse" name="test_browse_endpoint_pagination_works" time="0.337" /><testcase classname="tests.test_investments_universe.TestInvestmentUniverse" name="test_browse_endpoint_filter_by_sector" time="0.360" /><testcase classname="tests.test_investments_universe.TestInvestmentUniverse" name="test_browse_endpoint_filter_by_signal" time="0.237" /><testcase classname="tests.test_investments_universe.TestInvestmentUniverse" name="test_browse_endpoint_filter_by_min_score" time="0.904" /><testcase classname="tests.test_investments_universe.TestInvestmentUniverse" name="test_browse_endpoint_filter_by_market_cap" time="0.523" /><testcase classname="tests.test_investments_universe.TestInvestmentUniverse" name="test_browse_endpoint_sorting" time="0.205" /><testcase classname="tests.test_investments_universe.TestInvestmentUniverse" name="test_browse_endpoint_returns_stock_details" time="0.231" /><testcase classname="tests.test_investments_universe.TestInvestmentUniverse" name="test_refresh_endpoint_triggers_background_scan" time="0.208" /><testcase classname="tests.test_investments_universe.TestInvestmentUniverse" name="test_scan_endpoint_returns_categorized_signals" time="2.100" /><testcase classname="tests.test_investments_universe.TestInvestmentUniverse" name="test_scan_endpoint_returns_total_analyzed" time="0.900" /><testcase classname="tests.test_investments_universe.TestInvestmentUniverse" name="test_analyze_single_stock" time="1.765" /><testcase classname="tests.test_investments_universe.TestInvestmentUniverse" name="test_analyze_invalid_symbol" time="1.357" /><testcase classname="tests.test_investments_universe.TestInvestmentUniverse" name="test_browse_requires_auth" time="0.208" /><testcase classname="tests.test_investments_universe.TestInvestmentUniverse" name="test_filters_requires_auth" time="0.204" /><testcase classname="tests.test_investments_universe.TestInvestmentUniverse" name="test_refresh_requires_auth" time="0.222" /><testcase classname="tests.test_investments_universe.TestUniverseStats" name="test_universe_stats_endpoint" time="1.258" /><testcase classname="tests.test_live_prices.TestLivePricesAPI" name="test_batch_prices_requires_auth" time="0.223" /><testcase classname="tests.test_live_prices.TestLivePricesAPI" name="test_batch_prices_returns_data" time="0.403" /><testcase classname="tests.test_live_prices.TestLivePricesAPI" name="test_batch_prices_limits_to_100" time="3.462" /><testcase classname="tests.test_live_prices.TestLivePricesAPI" name="test_batch_prices_empty_list" time="0.220" /><testcase classname="tests.test_live_prices.TestLivePricesAPI" name="test_single_price_requires_auth" time="0.206" /><testcase classname="tests.test_live_prices.TestLivePricesAPI" name="test_single_price_returns_data" time="0.218" /><testcase classname="tests.test_live_prices.TestLivePricesAPI" name="test_single_price_invalid_symbol" time="0.349" /><testcase classname="tests.test_live_prices.TestLivePricesAPI" name="test_watchlist_prices_requires_auth" time="0.657" /><testcase classname="tests.test_live_prices.TestLivePricesAPI" name="test_watchlist_prices_returns_correct_format" time="1.058" /><testcase classname="tests.test_live_prices.TestLivePricesAPI" name="test_positions_prices_requires_auth" time="0.225" /><testcase classname="tests.test_live_prices.TestLivePricesAPI" name="test_positions_prices_returns_correct_format" time="0.361" /><testcase classname="tests.test_live_prices.TestLivePricesAPI" name="test_watchlist_prices_with_items" time="0.552" /><testcase classname="tests.test_live_prices.TestLivePricesIntegration" name="test_trading_scan_returns_symbols_for_live_prices" time="1.823" /><testcase classname="tests.test_live_prices.TestLivePricesIntegration" name="test_investments_scan_returns_symbols_for_live_prices" time="1.456" /><testcase classname="tests.test_mtf_heatmap.TestMTFHeatmapBackend" name="test_scan_returns_mtf_heatmap_array" time="3.130" /><testcase classname="tests.test_mtf_heatmap.TestMTFHeatmapBackend" name="test_scan_returns_mtf_heatmap_distribution" time="2.780" /><testcase classname="tests.test_mtf_heatmap.TestMTFHeatmapBackend" name="test_distribution_has_all_six_categories" time="2.875" /><testcase classname="tests.test_mtf_heatmap.TestMTFHeatmapBackend" name="test_heatmap_entries_have_required_fields" time="2.837" /><testcase classname="tests.test_mtf_heatmap.TestMTFHeatmapBackend" name="test_category_classification_consistency" time="2.779" /><testcase classname="tests.test_mtf_heatmap.TestMTFHeatmapBackend" name="test_direction_consistency" time="2.554" /><testcase classname="tests.test_mtf_heatmap.TestMTFHeatmapBackend" name="test_dedicated_mtf_heatmap_endpoint" time="1.900" /><testcase classname="tests.test_mtf_heatmap.TestMTFHeatmapBackend" name="test_heatmap_sorted_by_confidence" time="2.862" /><testcase classname="tests.test_mtf_heatmap.TestMTFHeatmapBackend" name="test_timing_status_values" time="2.751" /><testcase classname="tests.test_mtf_heatmap.TestMTFHeatmapBackend" name="test_timeframe_values" time="2.728" /><testcase classname="tests.test_mtf_momentum_mode.TestMTFMomentumModeAPI" name="test_auth_access_works" time="0.220" /><testcase classname="tests.test_mtf_momentum_mode.TestMTFMomentumModeAPI" name="test_scan_returns_mtf_stats" time="2.905" /><testcase classname="tests.test_mtf_momentum_mode.TestMTFMomentumModeAPI" name="test_day_trade_candidates_have_mtf_fields" time="2.883" /><testcase classname="tests.test_mtf_momentum_mode.TestMTFMomentumModeAPI" name="test_explanation_has_mtf_key_indicators" time="2.629" /><testcase classname="tests.test_mtf_momentum_mode.TestMTFMomentumModeAPI" name="test_pipeline_funnel_has_mtf_rejections" time="2.139" /><testcase classname="tests.test_mtf_momentum_mode.TestMTFMomentumModeAPI" name="test_rejected_candidates_show_mtf_conflict_reasons" time="2.934" /><testcase classname="tests.test_mtf_momentum_mode.TestMTFMomentumModeAPI" name="test_stats_grid_has_9_columns" time="3.031" /><testcase classname="tests.test_mtf_momentum_mode.TestMTFMomentumModeAPI" name="test_buy_reasons_include_mtf_aligned_text" time="2.311" /><testcase classname="tests.test_mtf_momentum_mode.TestMTFMomentumModeAPI" name="test_momentum_mode_badge_candidates" time="2.328" /><testcase classname="tests.test_mtf_momentum_mode.TestMTFMomentumModeSettings" name="test_settings_endpoint_works" time="0.175" /><testcase classname="tests.test_news_sentiment.TestNewsSentimentInTradingSignals" name="test_trading_scan_returns_news_sentiment_fields" time="0.309" /><testcase classname="tests.test_news_sentiment.TestNewsSentimentInTradingSignals" name="test_news_sentiment_values_are_valid" time="0.183" /><testcase classname="tests.test_news_sentiment.TestNewsSentimentInTradingSignals" name="test_news_headlines_structure" time="0.188" /><testcase classname="tests.test_news_sentiment.TestNewsAPIEndpoints" name="test_news_for_symbol_returns_data" time="14.271" /><testcase classname="tests.test_news_sentiment.TestNewsAPIEndpoints" name="test_news_for_multiple_symbols" time="29.971" /><testcase classname="tests.test_news_sentiment.TestNewsAPIEndpoints" name="test_news_sentiment_scores_valid" time="0.126" /><testcase classname="tests.test_news_sentiment.TestWatchlistFunctionality" name="test_watchlist_loads" time="0.103" /><testcase classname="tests.test_news_sentiment.TestWatchlistFunctionality" name="test_watchlist_items_have_required_fields" time="0.117" /><testcase classname="tests.test_news_sentiment.TestWatchlistFunctionality" name="test_add_stock_to_watchlist" time="0.665" /><testcase classname="tests.test_news_sentiment.TestWatchlistFunctionality" name="test_remove_stock_from_watchlist" time="0.184" /><testcase classname="tests.test_news_sentiment.TestWatchlistFunctionality" name="test_watchlist_persists" time="0.297" /><testcase classname="tests.test_news_sentiment.TestInvestmentPage" name="test_investments_scan_returns_data" time="1.426" /><testcase classname="tests.test_news_sentiment.TestInvestmentPage" name="test_investments_browse_returns_data" time="0.188" /><testcase classname="tests.test_news_sentiment.TestDashboardData" name="test_trading_scan_for_dashboard" time="0.166" /><testcase classname="tests.test_news_sentiment.TestDashboardData" name="test_investments_scan_for_dashboard" time="0.842" /><testcase classname="tests.test_news_sentiment.TestHighVolatilityStocks" name="test_day_trading_stocks_in_universe" time="2.757" /><testcase classname="tests.test_obaidtradez.TestHealthCheck" name="test_api_root" time="0.128" /><testcase classname="tests.test_obaidtradez.TestAccessControl" name="test_access_with_valid_code" time="0.100" /><testcase classname="tests.test_obaidtradez.TestAccessControl" name="test_access_with_invalid_code" time="0.780" /><testcase classname="tests.test_obaidtradez.TestAccessControl" name="test_token_verification" time="0.248" /><testcase classname="tests.test_obaidtradez.TestAccessControl" name="test_protected_endpoint_without_token" time="0.105" /><testcase classname="tests.test_obaidtradez.TestTradingSignals" name="test_trading_scan" time="0.274" /><testcase classname="tests.test_obaidtradez.TestTradingSignals" name="test_trading_analyze_symbol" time="0.330" /><testcase classname="tests.test_obaidtradez.TestTradingSignals" name="test_trading_analyze_invalid_symbol" time="0.290" /><testcase classname="tests.test_obaidtradez.TestInvestmentSignals" name="test_investments_scan" time="0.744" /><testcase classname="tests.test_obaidtradez.TestInvestmentSignals" name="test_investments_analyze_symbol" time="1.152" /><testcase classname="tests.test_obaidtradez.TestNewsAndSentiment" name="test_market_news" time="9.767" /><testcase classname="tests.test_obaidtradez.TestNewsAndSentiment" name="test_symbol_news" time="9.528" /><testcase classname="tests.test_obaidtradez.TestChatbot" name="test_chat_general_mode" time="5.844" /><testcase classname="tests.test_obaidtradez.TestChatbot" name="test_chat_trading_mode" time="7.586" /><testcase classname="tests.test_obaidtradez.TestChatbot" name="test_chat_investing_mode" time="15.517" /><testcase classname="tests.test_obaidtradez.TestSearchAndAccount" name="test_symbol_search" time="0.288" /><testcase classname="tests.test_obaidtradez.TestSearchAndAccount" name="test_alpaca_account" time="0.228" /><testcase classname="tests.test_obaidtradez.TestSearchAndAccount" name="test_positions" time="0.212" /><testcase classname="tests.test_obaidtradez.TestSearchAndAccount" name="test_orders" time="0.203" /><testcase classname="tests.test_paper_execution.TestPaperExecutionAuth" name="test_paper_settings_requires_auth" time="0.111" /><testcase classname="tests.test_paper_execution.TestPaperExecutionAuth" name="test_paper_queue_requires_auth" time="0.104" /><testcase classname="tests.test_paper_execution.TestPaperExecutionAuth" name="test_paper_stats_requires_auth" time="0.106" /><testcase classname="tests.test_paper_execution.TestPaperSettings" name="test_get_paper_settings" time="0.265" /><testcase classname="tests.test_paper_execution.TestPaperSettings" name="test_default_settings_values" time="0.725" /><testcase classname="tests.test_paper_execution.TestPaperSettings" name="test_update_paper_settings" time="0.472" /><testcase classname="tests.test_paper_execution.TestKillSwitch" name="test_get_kill_switch_state" time="0.251" /><testcase classname="tests.test_paper_execution.TestKillSwitch" name="test_toggle_kill_switch_on" time="0.107" /><testcase classname="tests.test_paper_execution.TestKillSwitch" name="test_toggle_kill_switch_off" time="0.107" /><testcase classname="tests.test_paper_execution.TestKillSwitch" name="test_kill_switch_logged_in_audit" time="0.326" /><testcase classname="tests.test_paper_execution.TestTradeQueue" name="test_queue_trade" time="0.218" /><testcase classname="tests.test_paper_execution.TestTradeQueue" name="test_get_trade_queue" time="0.103" /><testcase classname="tests.test_paper_execution.TestTradeQueue" name="test_get_trade_queue_filtered" time="0.116" /><testcase classname="tests.test_paper_execution.TestTradeQueue" name="test_get_paper_stats" time="0.106" /><testcase classname="tests.test_paper_execution.TestTradeWorkflow" name="test_approve_trade_workflow" time="1.123" /><testcase classname="tests.test_paper_execution.TestTradeWorkflow" name="test_reject_trade_workflow" time="0.386" /><testcase classname="tests.test_paper_execution.TestTradeWorkflow" name="test_cancel_pending_trade" time="0.214" /><testcase classname="tests.test_paper_execution.TestTradeWorkflow" name="test_cancel_approved_trade" time="0.327" /><testcase classname="tests.test_paper_execution.TestRiskControls" name="test_risk_check_endpoint" time="0.326" /><testcase classname="tests.test_paper_execution.TestRiskControls" name="test_kill_switch_blocks_execution" time="1.378" /><testcase classname="tests.test_paper_execution.TestRiskControls" name="test_low_confidence_blocked" time="0.741" /><testcase classname="tests.test_paper_execution.TestAuditLog" name="test_get_audit_log" time="0.207" /><testcase classname="tests.test_paper_execution.TestAuditLog" name="test_audit_log_contains_trade_actions" time="0.112" /><testcase classname="tests.test_paper_execution.TestTradeExecution" name="test_execute_approved_trade" time="1.578" /><testcase classname="tests.test_paper_execution.TestTradeExecution" name="test_cannot_execute_pending_trade" time="0.214" /><testcase classname="tests.test_phase4_upgrade.TestAutoTradeScanEndpoint" name="test_scan_returns_dynamic_thresholds" time="5.519" /><testcase classname="tests.test_phase4_upgrade.TestAutoTradeScanEndpoint" name="test_scan_returns_risk_mode" time="2.491" /><testcase classname="tests.test_phase4_upgrade.TestAutoTradeScanEndpoint" name="test_scan_returns_pipeline_funnel" time="1.681" /><testcase classname="tests.test_phase4_upgrade.TestAutoTradeScanEndpoint" name="test_scan_returns_no_trade_summary" time="2.262" /><testcase classname="tests.test_phase4_upgrade.TestNewsAnalyzeEndpoint" name="test_analyze_nvda_returns_catalyst_score" time="0.118" /><testcase classname="tests.test_phase4_upgrade.TestNewsAnalyzeEndpoint" name="test_analyze_nvda_returns_category" time="0.104" /><testcase classname="tests.test_phase4_upgrade.TestNewsAnalyzeEndpoint" name="test_analyze_nvda_returns_trade_impact" time="0.784" /><testcase classname="tests.test_phase4_upgrade.TestNewsAnalyzeEndpoint" name="test_analyze_nvda_returns_news_velocity" time="0.127" /><testcase classname="tests.test_phase4_upgrade.TestNewsAnalyzeEndpoint" name="test_analyze_nvda_returns_trade_description" time="0.106" /><testcase classname="tests.test_phase4_upgrade.TestNewsAnalyzeEndpoint" name="test_analyze_nvda_returns_filter_stats" time="0.111" /><testcase classname="tests.test_phase4_upgrade.TestSchedulerStatusEndpoint" name="test_scheduler_returns_post_cooldown_active" time="0.117" /><testcase classname="tests.test_phase4_upgrade.TestSchedulerStatusEndpoint" name="test_scheduler_returns_daily_loss_pct_of_max" time="0.103" /><testcase classname="tests.test_phase4_upgrade.TestSchedulerStatusEndpoint" name="test_scheduler_settings_max_consecutive_losses_is_2" time="0.099" /><testcase classname="tests.test_phase4_upgrade.TestSchedulerStatusEndpoint" name="test_scheduler_settings_post_cooldown_threshold_boost" time="0.104" /><testcase classname="tests.test_phase4_upgrade.TestNewsOverviewEndpoint" name="test_overview_returns_category_distribution" time="0.100" /><testcase classname="tests.test_phase4_upgrade.TestNewsBreakingEndpoint" name="test_breaking_returns_catalysts_with_category_badges" time="0.111" /><testcase classname="tests.test_phase4_upgrade.TestAutoTradeStatusEndpoint" name="test_status_returns_market_regime" time="0.830" /><testcase classname="tests.test_portfolio_analytics.TestPortfolioAnalyticsAPI" name="test_api_health" time="0.194" /><testcase classname="tests.test_portfolio_analytics.TestPortfolioAnalyticsAPI" name="test_get_account" time="0.863" /><testcase classname="tests.test_portfolio_analytics.TestPortfolioAnalyticsAPI" name="test_get_positions" time="0.203" /><testcase classname="tests.test_portfolio_analytics.TestPortfolioAnalyticsAPI" name="test_portfolio_analytics_endpoint" time="0.475" /><testcase classname="tests.test_portfolio_analytics.TestPortfolioAnalyticsAPI" name="test_portfolio_analytics_period_1D" time="0.475" /><testcase classname="tests.test_portfolio_analytics.TestPortfolioAnalyticsAPI" name="test_portfolio_analytics_period_1W" time="0.445" /><testcase classname="tests.test_portfolio_analytics.TestPortfolioAnalyticsAPI" name="test_portfolio_analytics_period_1Y" time="0.429" /><testcase classname="tests.test_portfolio_analytics.TestPortfolioAnalyticsAPI" name="test_portfolio_analytics_period_ALL" time="1.140" /><testcase classname="tests.test_portfolio_analytics.TestPortfolioAnalyticsAPI" name="test_portfolio_history_endpoint" time="0.238" /><testcase classname="tests.test_portfolio_analytics.TestPortfolioAnalyticsAPI" name="test_portfolio_drawdown_endpoint" time="0.227" /><testcase classname="tests.test_portfolio_analytics.TestPortfolioAnalyticsAPI" name="test_portfolio_win_rate_endpoint" time="0.215" /><testcase classname="tests.test_portfolio_analytics.TestPortfolioAnalyticsAPI" name="test_portfolio_sector_allocation_endpoint" time="0.228" /><testcase classname="tests.test_portfolio_analytics.TestPortfolioAnalyticsAPI" name="test_portfolio_pnl_breakdown_endpoint" time="0.312" /><testcase classname="tests.test_portfolio_analytics.TestPortfolioAnalyticsAPI" name="test_portfolio_strategy_performance_endpoint" time="0.113" /><testcase classname="tests.test_portfolio_analytics.TestPortfolioAnalyticsAPI" name="test_win_rate_data_structure" time="0.223" /><testcase classname="tests.test_portfolio_analytics.TestPortfolioAnalyticsAPI" name="test_pnl_breakdown_data_structure" time="0.946" /><testcase classname="tests.test_portfolio_analytics.TestPortfolioAnalyticsAPI" name="test_analytics_response_time" time="0.494" /><testcase classname="tests.test_risk_backtest_alerts.TestSetup" name="test_api_health" time="0.171" /><testcase time="0.122" /></testsuite></testsuites>