<?xml version="1.0" encoding="utf-8"?><testsuites name="pytest tests"><testsuite name="pytest" errors="0" failures="0" skipped="0" tests="14" time="11.727" timestamp="2026-03-30T05:04:07.360966+00:00" hostname="agent-env-369fb371-dfec-4e5a-81d1-42a79df402c3"><testcase classname="backend.tests.test_scheduler_news.TestAuth" name="test_auth_access" time="0.206" /><testcase classname="backend.tests.test_scheduler_news.TestSchedulerAPIs" name="test_scheduler_status" time="0.267" /><testcase classname="backend.tests.test_scheduler_news.TestSchedulerAPIs" name="test_scheduler_start" time="0.125" /><testcase classname="backend.tests.test_scheduler_news.TestSchedulerAPIs" name="test_scheduler_stop" time="0.144" /><testcase classname="backend.tests.test_scheduler_news.TestSchedulerAPIs" name="test_scheduler_emergency_stop" time="0.468" /><testcase classname="backend.tests.test_scheduler_news.TestSchedulerAPIs" name="test_scheduler_clear_emergency" time="0.113" /><testcase classname="backend.tests.test_scheduler_news.TestSchedulerAPIs" name="test_scheduler_notifications" time="0.090" /><testcase classname="backend.tests.test_scheduler_news.TestSchedulerAPIs" name="test_scheduler_execution_log" time="0.107" /><testcase classname="backend.tests.test_scheduler_news.TestNewsAPIs" name="test_news_breaking" time="0.232" /><testcase classname="backend.tests.test_scheduler_news.TestNewsAPIs" name="test_news_overview" time="0.116" /><testcase classname="backend.tests.test_scheduler_news.TestNewsAPIs" name="test_news_analyze_aapl" time="0.115" /><testcase classname="backend.tests.test_scheduler_news.TestNewsAPIs" name="test_news_analyze_nvda" time="8.635" /><testcase classname="backend.tests.test_scheduler_news.TestAutoTradeAPIs" name="test_auto_trade_status" time="0.470" /><testcase classname="backend.tests.test_scheduler_news.TestAutoTradeAPIs" name="test_auto_trade_scan" time="0.544" /></testsuite></testsuites>