<?xml version="1.0" encoding="utf-8"?><testsuites name="pytest tests"><testsuite name="pytest" errors="0" failures="1" skipped="0" tests="17" time="9.733" timestamp="2026-03-30T10:13:49.488831+00:00" hostname="agent-env-369fb371-dfec-4e5a-81d1-42a79df402c3"><testcase classname="backend.tests.test_direction_confidence_fixes.TestAccessGate" name="test_access_gate_with_valid_code" time="0.188" /><testcase classname="backend.tests.test_direction_confidence_fixes.TestAccessGate" name="test_access_gate_with_invalid_code" time="0.123"><failure message="AssertionError: Expected 401/403, got 200&#10;assert 200 in [401, 403]&#10; +  where 200 = &lt;Response [200]&gt;.status_code">backend/tests/test_direction_confidence_fixes.py:37: in test_access_gate_with_invalid_code
    assert response.status_code in [401, 403], f"Expected 401/403, got {response.status_code}"
E   AssertionError: Expected 401/403, got 200
E   assert 200 in [401, 403]
E    +  where 200 = &lt;Response [200]&gt;.status_code</failure></testcase><testcase classname="backend.tests.test_direction_confidence_fixes.TestDirectionBugFix" name="test_scan_returns_correct_direction_action_mapping" time="9.083" /><testcase classname="backend.tests.test_direction_confidence_fixes.TestDirectionBugFix" name="test_no_buy_short_combination" time="0.000" /><testcase classname="backend.tests.test_direction_confidence_fixes.TestConfidenceScoreNormalization" name="test_confidence_distribution_fields_exist" time="0.000" /><testcase classname="backend.tests.test_direction_confidence_fixes.TestConfidenceScoreNormalization" name="test_confidence_scores_are_distributed" time="0.000" /><testcase classname="backend.tests.test_direction_confidence_fixes.TestMomentumModeControl" name="test_momentum_pct_field_exists" time="0.000" /><testcase classname="backend.tests.test_direction_confidence_fixes.TestMomentumModeControl" name="test_momentum_mode_candidates_reasonable" time="0.000" /><testcase classname="backend.tests.test_direction_confidence_fixes.TestPreMarketSafety" name="test_market_session_field_exists" time="0.000" /><testcase classname="backend.tests.test_direction_confidence_fixes.TestMTFConflictDetection" name="test_mtf_conflict_rejections_field_exists" time="0.000" /><testcase classname="backend.tests.test_direction_confidence_fixes.TestMTFConflictDetection" name="test_rejected_candidates_show_mtf_conflict" time="0.000" /><testcase classname="backend.tests.test_direction_confidence_fixes.TestTradeLoggingSystem" name="test_trade_log_endpoint_returns_200" time="0.124" /><testcase classname="backend.tests.test_direction_confidence_fixes.TestTradeLoggingSystem" name="test_trade_log_entry_structure" time="0.131" /><testcase classname="backend.tests.test_direction_confidence_fixes.TestScanResponseStructure" name="test_scan_response_has_required_fields" time="0.000" /><testcase classname="backend.tests.test_direction_confidence_fixes.TestScanResponseStructure" name="test_stats_has_required_fields" time="0.000" /><testcase classname="backend.tests.test_direction_confidence_fixes.TestDayTradeCandidateStructure" name="test_day_trade_candidates_have_required_fields" time="0.000" /><testcase classname="backend.tests.test_direction_confidence_fixes.TestDayTradeCandidateStructure" name="test_day_trade_action_badges_correct" time="0.000" /></testsuite></testsuites>