<?xml version="1.0" encoding="utf-8"?><testsuites name="pytest tests"><testsuite name="pytest" errors="0" failures="0" skipped="0" tests="17" time="5.270" timestamp="2026-03-29T04:43:03.709422+00:00" hostname="agent-env-8b125100-71f5-44ba-8b67-1c02af31e7fd"><testcase classname="backend.tests.test_portfolio_analytics.TestPortfolioAnalyticsAPI" name="test_api_health" time="0.380" /><testcase classname="backend.tests.test_portfolio_analytics.TestPortfolioAnalyticsAPI" name="test_get_account" time="0.259" /><testcase classname="backend.tests.test_portfolio_analytics.TestPortfolioAnalyticsAPI" name="test_get_positions" time="0.199" /><testcase classname="backend.tests.test_portfolio_analytics.TestPortfolioAnalyticsAPI" name="test_portfolio_analytics_endpoint" time="0.441" /><testcase classname="backend.tests.test_portfolio_analytics.TestPortfolioAnalyticsAPI" name="test_portfolio_analytics_period_1D" time="0.420" /><testcase classname="backend.tests.test_portfolio_analytics.TestPortfolioAnalyticsAPI" name="test_portfolio_analytics_period_1W" time="0.422" /><testcase classname="backend.tests.test_portfolio_analytics.TestPortfolioAnalyticsAPI" name="test_portfolio_analytics_period_1Y" time="0.437" /><testcase classname="backend.tests.test_portfolio_analytics.TestPortfolioAnalyticsAPI" name="test_portfolio_analytics_period_ALL" time="0.422" /><testcase classname="backend.tests.test_portfolio_analytics.TestPortfolioAnalyticsAPI" name="test_portfolio_history_endpoint" time="0.198" /><testcase classname="backend.tests.test_portfolio_analytics.TestPortfolioAnalyticsAPI" name="test_portfolio_drawdown_endpoint" time="0.204" /><testcase classname="backend.tests.test_portfolio_analytics.TestPortfolioAnalyticsAPI" name="test_portfolio_win_rate_endpoint" time="0.225" /><testcase classname="backend.tests.test_portfolio_analytics.TestPortfolioAnalyticsAPI" name="test_portfolio_sector_allocation_endpoint" time="0.211" /><testcase classname="backend.tests.test_portfolio_analytics.TestPortfolioAnalyticsAPI" name="test_portfolio_pnl_breakdown_endpoint" time="0.342" /><testcase classname="backend.tests.test_portfolio_analytics.TestPortfolioAnalyticsAPI" name="test_portfolio_strategy_performance_endpoint" time="0.105" /><testcase classname="backend.tests.test_portfolio_analytics.TestPortfolioAnalyticsAPI" name="test_win_rate_data_structure" time="0.203" /><testcase classname="backend.tests.test_portfolio_analytics.TestPortfolioAnalyticsAPI" name="test_pnl_breakdown_data_structure" time="0.306" /><testcase classname="backend.tests.test_portfolio_analytics.TestPortfolioAnalyticsAPI" name="test_analytics_response_time" time="0.427" /></testsuite></testsuites>