<?xml version="1.0" encoding="utf-8"?><testsuites name="pytest tests"><testsuite name="pytest" errors="0" failures="0" skipped="0" tests="17" time="3.877" timestamp="2026-03-30T05:41:13.352733+00:00" hostname="agent-env-369fb371-dfec-4e5a-81d1-42a79df402c3"><testcase classname="backend.tests.test_phase4_upgrade.TestAutoTradeScanEndpoint" name="test_scan_returns_dynamic_thresholds" time="0.611" /><testcase classname="backend.tests.test_phase4_upgrade.TestAutoTradeScanEndpoint" name="test_scan_returns_risk_mode" time="0.416" /><testcase classname="backend.tests.test_phase4_upgrade.TestAutoTradeScanEndpoint" name="test_scan_returns_pipeline_funnel" time="0.350" /><testcase classname="backend.tests.test_phase4_upgrade.TestAutoTradeScanEndpoint" name="test_scan_returns_no_trade_summary" time="0.417" /><testcase classname="backend.tests.test_phase4_upgrade.TestNewsAnalyzeEndpoint" name="test_analyze_nvda_returns_catalyst_score" time="0.137" /><testcase classname="backend.tests.test_phase4_upgrade.TestNewsAnalyzeEndpoint" name="test_analyze_nvda_returns_category" time="0.108" /><testcase classname="backend.tests.test_phase4_upgrade.TestNewsAnalyzeEndpoint" name="test_analyze_nvda_returns_trade_impact" time="0.106" /><testcase classname="backend.tests.test_phase4_upgrade.TestNewsAnalyzeEndpoint" name="test_analyze_nvda_returns_news_velocity" time="0.112" /><testcase classname="backend.tests.test_phase4_upgrade.TestNewsAnalyzeEndpoint" name="test_analyze_nvda_returns_trade_description" time="0.102" /><testcase classname="backend.tests.test_phase4_upgrade.TestNewsAnalyzeEndpoint" name="test_analyze_nvda_returns_filter_stats" time="0.131" /><testcase classname="backend.tests.test_phase4_upgrade.TestSchedulerStatusEndpoint" name="test_scheduler_returns_post_cooldown_active" time="0.102" /><testcase classname="backend.tests.test_phase4_upgrade.TestSchedulerStatusEndpoint" name="test_scheduler_returns_daily_loss_pct_of_max" time="0.103" /><testcase classname="backend.tests.test_phase4_upgrade.TestSchedulerStatusEndpoint" name="test_scheduler_settings_max_consecutive_losses_is_2" time="0.115" /><testcase classname="backend.tests.test_phase4_upgrade.TestSchedulerStatusEndpoint" name="test_scheduler_settings_post_cooldown_threshold_boost" time="0.131" /><testcase classname="backend.tests.test_phase4_upgrade.TestNewsOverviewEndpoint" name="test_overview_returns_category_distribution" time="0.108" /><testcase classname="backend.tests.test_phase4_upgrade.TestNewsBreakingEndpoint" name="test_breaking_returns_catalysts_with_category_badges" time="0.156" /><testcase classname="backend.tests.test_phase4_upgrade.TestAutoTradeStatusEndpoint" name="test_status_returns_market_regime" time="0.545" /></testsuite></testsuites>