<?xml version="1.0" encoding="utf-8"?><testsuites name="pytest tests"><testsuite name="pytest" errors="0" failures="0" skipped="0" tests="14" time="40.128" timestamp="2026-04-06T08:01:00.239622+00:00" hostname="agent-env-369fb371-dfec-4e5a-81d1-42a79df402c3"><testcase classname="backend.tests.test_long_term_invest.TestLongTermInvestAuth" name="test_auth_access_works" time="36.298" /><testcase classname="backend.tests.test_long_term_invest.TestLongTermInvestAuth" name="test_lt_endpoints_require_auth" time="0.868" /><testcase classname="backend.tests.test_long_term_invest.TestLTPortfolio" name="test_portfolio_endpoint_returns_structure" time="0.206" /><testcase classname="backend.tests.test_long_term_invest.TestLTUniverse" name="test_universe_endpoint_returns_all_buckets" time="0.203" /><testcase classname="backend.tests.test_long_term_invest.TestLTRecommendations" name="test_recommendations_endpoint_returns_list" time="0.262" /><testcase classname="backend.tests.test_long_term_invest.TestLTStageBuy" name="test_stage_buy_voo_core_bucket" time="0.194" /><testcase classname="backend.tests.test_long_term_invest.TestLTStageBuy" name="test_stage_buy_validates_required_fields" time="0.201" /><testcase classname="backend.tests.test_long_term_invest.TestLTThesis" name="test_thesis_endpoint_for_existing_position" time="0.234" /><testcase classname="backend.tests.test_long_term_invest.TestLTRebalanceCheck" name="test_rebalance_check_returns_status" time="0.312" /><testcase classname="backend.tests.test_long_term_invest.TestLTTrimAndClose" name="test_trim_position" time="0.314" /><testcase classname="backend.tests.test_long_term_invest.TestLTTrimAndClose" name="test_trim_validates_required_fields" time="0.100" /><testcase classname="backend.tests.test_long_term_invest.TestLTTrimAndClose" name="test_close_position" time="0.093" /><testcase classname="backend.tests.test_long_term_invest.TestLTTrimAndClose" name="test_close_validates_symbol" time="0.102" /><testcase classname="backend.tests.test_long_term_invest.TestLTFullWorkflow" name="test_full_crud_workflow" time="0.612" /></testsuite></testsuites>