<?xml version="1.0" encoding="utf-8"?><testsuites name="pytest tests"><testsuite name="pytest" errors="0" failures="0" skipped="0" tests="14" time="7.050" timestamp="2026-03-29T06:02:51.860276+00:00" hostname="agent-env-8b125100-71f5-44ba-8b67-1c02af31e7fd"><testcase classname="backend.tests.test_live_prices.TestLivePricesAPI" name="test_batch_prices_requires_auth" time="0.236" /><testcase classname="backend.tests.test_live_prices.TestLivePricesAPI" name="test_batch_prices_returns_data" time="0.400" /><testcase classname="backend.tests.test_live_prices.TestLivePricesAPI" name="test_batch_prices_limits_to_100" time="1.866" /><testcase classname="backend.tests.test_live_prices.TestLivePricesAPI" name="test_batch_prices_empty_list" time="0.232" /><testcase classname="backend.tests.test_live_prices.TestLivePricesAPI" name="test_single_price_requires_auth" time="0.204" /><testcase classname="backend.tests.test_live_prices.TestLivePricesAPI" name="test_single_price_returns_data" time="0.199" /><testcase classname="backend.tests.test_live_prices.TestLivePricesAPI" name="test_single_price_invalid_symbol" time="0.348" /><testcase classname="backend.tests.test_live_prices.TestLivePricesAPI" name="test_watchlist_prices_requires_auth" time="0.201" /><testcase classname="backend.tests.test_live_prices.TestLivePricesAPI" name="test_watchlist_prices_returns_correct_format" time="0.207" /><testcase classname="backend.tests.test_live_prices.TestLivePricesAPI" name="test_positions_prices_requires_auth" time="0.208" /><testcase classname="backend.tests.test_live_prices.TestLivePricesAPI" name="test_positions_prices_returns_correct_format" time="0.325" /><testcase classname="backend.tests.test_live_prices.TestLivePricesAPI" name="test_watchlist_prices_with_items" time="0.587" /><testcase classname="backend.tests.test_live_prices.TestLivePricesIntegration" name="test_trading_scan_returns_symbols_for_live_prices" time="1.367" /><testcase classname="backend.tests.test_live_prices.TestLivePricesIntegration" name="test_investments_scan_returns_symbols_for_live_prices" time="0.602" /></testsuite></testsuites>