<?xml version="1.0" encoding="utf-8"?><testsuites name="pytest tests"><testsuite name="pytest" errors="0" failures="0" skipped="0" tests="21" time="3.561" timestamp="2026-03-29T04:04:10.766536+00:00" hostname="agent-env-8b125100-71f5-44ba-8b67-1c02af31e7fd"><testcase classname="backend.tests.test_risk_backtest_alerts.TestSetup" name="test_api_health" time="0.305" /><testcase classname="backend.tests.test_risk_backtest_alerts.TestRiskManagement" name="test_position_size_calculator" time="0.183" /><testcase classname="backend.tests.test_risk_backtest_alerts.TestRiskManagement" name="test_position_size_invalid_stop_loss" time="0.044" /><testcase classname="backend.tests.test_risk_backtest_alerts.TestRiskManagement" name="test_risk_reward_calculator" time="0.047" /><testcase classname="backend.tests.test_risk_backtest_alerts.TestRiskManagement" name="test_risk_reward_poor_ratio" time="0.058" /><testcase classname="backend.tests.test_risk_backtest_alerts.TestRiskManagement" name="test_get_risk_settings" time="0.056" /><testcase classname="backend.tests.test_risk_backtest_alerts.TestRiskManagement" name="test_save_risk_settings" time="0.114" /><testcase classname="backend.tests.test_risk_backtest_alerts.TestRiskManagement" name="test_daily_risk_status" time="0.189" /><testcase classname="backend.tests.test_risk_backtest_alerts.TestBacktesting" name="test_get_strategies" time="0.179" /><testcase classname="backend.tests.test_risk_backtest_alerts.TestBacktesting" name="test_run_backtest_momentum" time="0.299" /><testcase classname="backend.tests.test_risk_backtest_alerts.TestBacktesting" name="test_run_backtest_mean_reversion" time="0.266" /><testcase classname="backend.tests.test_risk_backtest_alerts.TestBacktesting" name="test_backtest_history" time="0.055" /><testcase classname="backend.tests.test_risk_backtest_alerts.TestAlerts" name="test_get_alert_types" time="0.169" /><testcase classname="backend.tests.test_risk_backtest_alerts.TestAlerts" name="test_create_alert" time="0.055" /><testcase classname="backend.tests.test_risk_backtest_alerts.TestAlerts" name="test_get_alerts" time="0.051" /><testcase classname="backend.tests.test_risk_backtest_alerts.TestAlerts" name="test_toggle_alert" time="0.108" /><testcase classname="backend.tests.test_risk_backtest_alerts.TestAlerts" name="test_check_alerts" time="0.193" /><testcase classname="backend.tests.test_risk_backtest_alerts.TestAlerts" name="test_alert_history" time="0.050" /><testcase classname="backend.tests.test_risk_backtest_alerts.TestAlerts" name="test_delete_alert" time="0.112" /><testcase classname="backend.tests.test_risk_backtest_alerts.TestAlertWorkflow" name="test_full_alert_workflow" time="0.672" /><testcase classname="backend.tests.test_risk_backtest_alerts.TestCleanup" name="test_cleanup_test_alerts" time="0.200" /></testsuite></testsuites>