<?xml version="1.0" encoding="utf-8"?><testsuites name="pytest tests"><testsuite name="pytest" errors="0" failures="0" skipped="0" tests="8" time="7.383" timestamp="2026-04-01T03:56:28.628536+00:00" hostname="agent-env-369fb371-dfec-4e5a-81d1-42a79df402c3"><testcase classname="backend.tests.test_top_movers_scanner.TestTopMoversEndpoints" name="test_top_movers_scan_endpoint" time="4.490" /><testcase classname="backend.tests.test_top_movers_scanner.TestTopMoversEndpoints" name="test_top_movers_status_endpoint" time="0.101" /><testcase classname="backend.tests.test_top_movers_scanner.TestTopMoversEndpoints" name="test_top_movers_performance_endpoint" time="0.109" /><testcase classname="backend.tests.test_top_movers_scanner.TestTopMoversEndpoints" name="test_rejection_reasons_grouped" time="0.114" /><testcase classname="backend.tests.test_top_movers_scanner.TestAutoTradeScanTopMovers" name="test_auto_trade_scan_includes_top_movers_block" time="0.766" /><testcase classname="backend.tests.test_top_movers_scanner.TestAutoTradeScanTopMovers" name="test_auto_trade_scan_stats_include_top_movers_fields" time="0.765" /><testcase classname="backend.tests.test_top_movers_scanner.TestAutoTradeScanTopMovers" name="test_candidates_have_source_tags" time="0.733" /><testcase classname="backend.tests.test_top_movers_scanner.TestTopMoversQualityFilters" name="test_quality_filters_in_config" time="0.107" /></testsuite></testsuites>