<?xml version="1.0" encoding="utf-8"?><testsuites name="pytest tests"><testsuite name="pytest" errors="0" failures="0" skipped="0" tests="24" time="12.863" timestamp="2026-04-06T08:24:04.111217+00:00" hostname="agent-env-369fb371-dfec-4e5a-81d1-42a79df402c3"><testcase classname="backend.tests.test_lt_market_overview.TestAuth" name="test_auth_access_with_valid_code" time="7.694" /><testcase classname="backend.tests.test_lt_market_overview.TestAuth" name="test_auth_access_with_invalid_code" time="0.130" /><testcase classname="backend.tests.test_lt_market_overview.TestMarketOverview" name="test_market_overview_requires_auth" time="0.089" /><testcase classname="backend.tests.test_lt_market_overview.TestMarketOverview" name="test_market_overview_returns_companies" time="0.396" /><testcase classname="backend.tests.test_lt_market_overview.TestMarketOverview" name="test_market_overview_company_fields" time="0.278" /><testcase classname="backend.tests.test_lt_market_overview.TestMarketOverview" name="test_market_overview_sorted_by_rating" time="0.306" /><testcase classname="backend.tests.test_lt_market_overview.TestMarketOverview" name="test_market_overview_categories" time="0.307" /><testcase classname="backend.tests.test_lt_market_overview.TestPortfolio" name="test_portfolio_requires_auth" time="0.095" /><testcase classname="backend.tests.test_lt_market_overview.TestPortfolio" name="test_portfolio_returns_structure" time="0.226" /><testcase classname="backend.tests.test_lt_market_overview.TestPortfolio" name="test_portfolio_bucket_breakdown" time="0.202" /><testcase classname="backend.tests.test_lt_market_overview.TestStageBuy" name="test_stage_buy_requires_auth" time="0.119" /><testcase classname="backend.tests.test_lt_market_overview.TestStageBuy" name="test_stage_buy_validates_fields" time="0.104" /><testcase classname="backend.tests.test_lt_market_overview.TestStageBuy" name="test_stage_buy_creates_position" time="0.519" /><testcase classname="backend.tests.test_lt_market_overview.TestRecommendations" name="test_recommendations_requires_auth" time="0.095" /><testcase classname="backend.tests.test_lt_market_overview.TestRecommendations" name="test_recommendations_returns_list" time="0.116" /><testcase classname="backend.tests.test_lt_market_overview.TestThesis" name="test_thesis_requires_auth" time="0.105" /><testcase classname="backend.tests.test_lt_market_overview.TestThesis" name="test_thesis_for_nonexistent_position" time="0.104" /><testcase classname="backend.tests.test_lt_market_overview.TestThesis" name="test_thesis_for_held_position" time="0.303" /><testcase classname="backend.tests.test_lt_market_overview.TestClose" name="test_close_requires_auth" time="0.092" /><testcase classname="backend.tests.test_lt_market_overview.TestClose" name="test_close_validates_symbol" time="0.100" /><testcase classname="backend.tests.test_lt_market_overview.TestClose" name="test_close_position_workflow" time="0.503" /><testcase classname="backend.tests.test_lt_market_overview.TestMarketOverviewDataQuality" name="test_companies_have_live_prices" time="0.283" /><testcase classname="backend.tests.test_lt_market_overview.TestMarketOverviewDataQuality" name="test_companies_have_ratings" time="0.299" /><testcase classname="backend.tests.test_lt_market_overview.TestMarketOverviewDataQuality" name="test_companies_have_signals" time="0.305" /></testsuite></testsuites>