<?xml version="1.0" encoding="utf-8"?><testsuites name="pytest tests"><testsuite name="pytest" errors="0" failures="0" skipped="0" tests="11" time="1.987" timestamp="2026-04-09T05:59:51.777171+00:00" hostname="agent-env-369fb371-dfec-4e5a-81d1-42a79df402c3"><testcase classname="tests.test_day_trade_diagnostics.TestDayTradeDiagnostics" name="test_auth_works" time="0.143" /><testcase classname="tests.test_day_trade_diagnostics.TestDayTradeDiagnostics" name="test_diagnostics_endpoint_requires_auth" time="0.102" /><testcase classname="tests.test_day_trade_diagnostics.TestDayTradeDiagnostics" name="test_diagnostics_endpoint_returns_valid_response" time="0.432" /><testcase classname="tests.test_day_trade_diagnostics.TestDayTradeDiagnostics" name="test_diagnostics_has_component_utilization" time="0.391" /><testcase classname="tests.test_day_trade_diagnostics.TestDayTradeDiagnostics" name="test_diagnostics_shows_passing_threshold" time="0.355" /><testcase classname="tests.test_day_trade_diagnostics.TestDayTradeDiagnostics" name="test_rejection_report_endpoint" time="0.103" /><testcase classname="tests.test_day_trade_diagnostics.TestDayTradeDiagnostics" name="test_trading_scan_endpoint" time="0.188" /><testcase classname="tests.test_day_trade_diagnostics.TestDayTradeDiagnostics" name="test_scheduler_status_endpoint" time="0.110" /><testcase classname="tests.test_day_trade_diagnostics.TestConfidenceScoringEngineUnit" name="test_score_day_trade_with_breakdown" time="0.105" /><testcase classname="tests.test_day_trade_diagnostics.TestConfidenceScoringEngineUnit" name="test_score_day_trade_without_breakdown" time="0.000" /><testcase classname="tests.test_day_trade_diagnostics.TestConfidenceScoringEngineUnit" name="test_score_day_trade_calculates_rr_ratio" time="0.000" /></testsuite></testsuites>