<?xml version="1.0" encoding="utf-8"?><testsuites name="pytest tests"><testsuite name="pytest" errors="0" failures="0" skipped="0" tests="20" time="74.783" timestamp="2026-03-29T07:25:31.678269+00:00" hostname="agent-env-8b125100-71f5-44ba-8b67-1c02af31e7fd"><testcase classname="backend.tests.test_trading_investments_watchlist.TestAuth" name="test_auth_success" time="0.118" /><testcase classname="backend.tests.test_trading_investments_watchlist.TestTradingSignals" name="test_trading_scan_returns_data" time="1.153" /><testcase classname="backend.tests.test_trading_investments_watchlist.TestTradingSignals" name="test_trading_categories_populated" time="0.804" /><testcase classname="backend.tests.test_trading_investments_watchlist.TestTradingSignals" name="test_trading_signal_structure" time="0.803" /><testcase classname="backend.tests.test_trading_investments_watchlist.TestTradingSignals" name="test_trading_analyze_single_symbol" time="0.331" /><testcase classname="backend.tests.test_trading_investments_watchlist.TestInvestmentIdeas" name="test_investments_browse_returns_data" time="0.219" /><testcase classname="backend.tests.test_trading_investments_watchlist.TestInvestmentIdeas" name="test_investments_scan_returns_categories" time="0.241" /><testcase classname="backend.tests.test_trading_investments_watchlist.TestInvestmentIdeas" name="test_investments_categories_populated" time="0.188" /><testcase classname="backend.tests.test_trading_investments_watchlist.TestInvestmentIdeas" name="test_investments_filters" time="0.101" /><testcase classname="backend.tests.test_trading_investments_watchlist.TestWatchlist" name="test_watchlist_get" time="0.193" /><testcase classname="backend.tests.test_trading_investments_watchlist.TestWatchlist" name="test_watchlist_add_aapl" time="0.194" /><testcase classname="backend.tests.test_trading_investments_watchlist.TestWatchlist" name="test_watchlist_add_msft" time="0.190" /><testcase classname="backend.tests.test_trading_investments_watchlist.TestWatchlist" name="test_watchlist_add_nvda" time="0.189" /><testcase classname="backend.tests.test_trading_investments_watchlist.TestWatchlist" name="test_watchlist_verify_added_items" time="0.094" /><testcase classname="backend.tests.test_trading_investments_watchlist.TestWatchlist" name="test_watchlist_items_have_prices" time="0.101" /><testcase classname="backend.tests.test_trading_investments_watchlist.TestWatchlist" name="test_watchlist_check_symbol" time="0.118" /><testcase classname="backend.tests.test_trading_investments_watchlist.TestWatchlist" name="test_watchlist_remove" time="68.822" /><testcase classname="backend.tests.test_trading_investments_watchlist.TestWatchlist" name="test_watchlist_duplicate_add" time="0.171" /><testcase classname="backend.tests.test_trading_investments_watchlist.TestLivePrices" name="test_prices_batch" time="0.455" /><testcase classname="backend.tests.test_trading_investments_watchlist.TestLivePrices" name="test_prices_watchlist" time="0.246" /></testsuite></testsuites>