<?xml version="1.0" encoding="utf-8"?><testsuites name="pytest tests"><testsuite name="pytest" errors="0" failures="0" skipped="0" tests="11" time="9.235" timestamp="2026-03-30T10:44:52.518748+00:00" hostname="agent-env-369fb371-dfec-4e5a-81d1-42a79df402c3"><testcase classname="backend.tests.test_strict_trade_filters.TestAccessGate" name="test_access_gate_valid_code" time="0.195" /><testcase classname="backend.tests.test_strict_trade_filters.TestScanEndpoint" name="test_scan_returns_valid_response" time="8.975" /><testcase classname="backend.tests.test_strict_trade_filters.TestVolumeFilter" name="test_relvol_hard_reject_in_rejected_candidates" time="0.000" /><testcase classname="backend.tests.test_strict_trade_filters.Test15mTrendFilter" name="test_15m_ranging_in_reject_reasons" time="0.000" /><testcase classname="backend.tests.test_strict_trade_filters.TestEntryTiming" name="test_timing_not_entry_ready_in_reject_reasons" time="0.000" /><testcase classname="backend.tests.test_strict_trade_filters.TestDayTradesActions" name="test_day_trades_only_buy_or_sell" time="0.000" /><testcase classname="backend.tests.test_strict_trade_filters.TestMTFHeatmapDistribution" name="test_heatmap_distribution_has_all_categories" time="0.000" /><testcase classname="backend.tests.test_strict_trade_filters.TestMTFHeatmapDistribution" name="test_strict_alignment_definition" time="0.000" /><testcase classname="backend.tests.test_strict_trade_filters.TestConfidenceDistribution" name="test_confidence_distribution_wider_spread" time="0.000" /><testcase classname="backend.tests.test_strict_trade_filters.TestKeyIndicators" name="test_key_indicators_has_timing_and_ranging_fields" time="0.000" /><testcase classname="backend.tests.test_strict_trade_filters.TestWatchlistItems" name="test_watchlist_has_early_weak_timing" time="0.000" /></testsuite></testsuites>