<?xml version="1.0" encoding="utf-8"?><testsuites name="pytest tests"><testsuite name="pytest" errors="0" failures="0" skipped="0" tests="16" time="7.805" timestamp="2026-03-31T03:27:21.655897+00:00" hostname="agent-env-369fb371-dfec-4e5a-81d1-42a79df402c3"><testcase classname="backend.tests.test_live_prices_reeval.TestAuthAccess" name="test_access_with_valid_code" time="0.183" /><testcase classname="backend.tests.test_live_prices_reeval.TestAuthAccess" name="test_access_with_invalid_code" time="0.140" /><testcase classname="backend.tests.test_live_prices_reeval.TestLivePriceEngineStatus" name="test_get_engine_status" time="0.219" /><testcase classname="backend.tests.test_live_prices_reeval.TestLivePriceEngineStatus" name="test_engine_status_has_mode_field" time="0.119" /><testcase classname="backend.tests.test_live_prices_reeval.TestLivePricesAll" name="test_get_all_prices" time="0.122" /><testcase classname="backend.tests.test_live_prices_reeval.TestLivePricesAll" name="test_prices_have_required_fields" time="0.142" /><testcase classname="backend.tests.test_live_prices_reeval.TestLivePricesStartStop" name="test_start_live_prices" time="1.644" /><testcase classname="backend.tests.test_live_prices_reeval.TestLivePricesStartStop" name="test_stop_live_prices" time="0.134" /><testcase classname="backend.tests.test_live_prices_reeval.TestReEvalStats" name="test_get_reeval_stats" time="0.106" /><testcase classname="backend.tests.test_live_prices_reeval.TestReEvalEvents" name="test_get_reeval_events" time="0.166" /><testcase classname="backend.tests.test_live_prices_reeval.TestReEvalEvents" name="test_reeval_events_with_limit" time="0.118" /><testcase classname="backend.tests.test_live_prices_reeval.TestReEvalHistory" name="test_get_reeval_history" time="0.155" /><testcase classname="backend.tests.test_live_prices_reeval.TestLivePriceEngineIntegration" name="test_full_flow_start_check_stop" time="4.136" /><testcase classname="backend.tests.test_live_prices_reeval.TestUnauthorizedAccess" name="test_engine_status_requires_auth" time="0.135" /><testcase classname="backend.tests.test_live_prices_reeval.TestUnauthorizedAccess" name="test_reeval_stats_requires_auth" time="0.101" /><testcase classname="backend.tests.test_live_prices_reeval.TestUnauthorizedAccess" name="test_start_requires_auth" time="0.107" /></testsuite></testsuites>