<?xml version="1.0" encoding="utf-8"?><testsuites name="pytest tests"><testsuite name="pytest" errors="0" failures="0" skipped="0" tests="13" time="26.926" timestamp="2026-03-30T09:23:50.090765+00:00" hostname="agent-env-369fb371-dfec-4e5a-81d1-42a79df402c3"><testcase classname="backend.tests.test_tiered_ta_pipeline.TestTieredTAPipelineTiming" name="test_scan_returns_timing_object" time="4.603" /><testcase classname="backend.tests.test_tiered_ta_pipeline.TestTieredTAPipelineTiming" name="test_tier1_analyzes_70_plus_stocks" time="1.641" /><testcase classname="backend.tests.test_tiered_ta_pipeline.TestTieredTAPipelineTiming" name="test_tier1_completes_under_10_seconds" time="1.725" /><testcase classname="backend.tests.test_tiered_ta_pipeline.TestTieredTAPipelineTiming" name="test_tier2_deep_analyzes_top_20" time="1.690" /><testcase classname="backend.tests.test_tiered_ta_pipeline.TestTieredTAPipelineStats" name="test_stats_includes_tiered_fields" time="1.693" /><testcase classname="backend.tests.test_tiered_ta_pipeline.TestTieredTAPipelineCache" name="test_ta_cache_shows_hit_rate" time="1.690" /><testcase classname="backend.tests.test_tiered_ta_pipeline.TestTieredTAPipelineCache" name="test_bar_cache_shows_stats" time="1.630" /><testcase classname="backend.tests.test_tiered_ta_pipeline.TestTieredTAPipelineCache" name="test_second_scan_has_higher_cache_hit_rate" time="5.284" /><testcase classname="backend.tests.test_tiered_ta_pipeline.TestTieredTAPipelineRejections" name="test_rejected_details_includes_day_trade_rejections" time="1.635" /><testcase classname="backend.tests.test_tiered_ta_pipeline.TestTieredTAPipelineDayTrades" name="test_day_trades_have_tier1_score_and_analysis_mode" time="1.623" /><testcase classname="backend.tests.test_tiered_ta_pipeline.TestTieredTAPipelineFunnel" name="test_pipeline_funnel_has_correct_stages" time="1.610" /><testcase classname="backend.tests.test_tiered_ta_pipeline.TestRefreshTAEndpoint" name="test_refresh_ta_returns_db_cached_count" time="0.116" /><testcase classname="backend.tests.test_tiered_ta_pipeline.TestTieredTAPipelinePerformance" name="test_total_cycle_under_reasonable_time" time="1.915" /></testsuite></testsuites>