<?xml version="1.0" encoding="utf-8"?><testsuites name="pytest tests"><testsuite name="pytest" errors="0" failures="0" skipped="0" tests="16" time="15.121" timestamp="2026-03-29T08:55:48.409775+00:00" hostname="agent-env-8b125100-71f5-44ba-8b67-1c02af31e7fd"><testcase classname="tests.test_news_sentiment.TestNewsSentimentInTradingSignals" name="test_trading_scan_returns_news_sentiment_fields" time="3.139" /><testcase classname="tests.test_news_sentiment.TestNewsSentimentInTradingSignals" name="test_news_sentiment_values_are_valid" time="1.420" /><testcase classname="tests.test_news_sentiment.TestNewsSentimentInTradingSignals" name="test_news_headlines_structure" time="1.891" /><testcase classname="tests.test_news_sentiment.TestNewsAPIEndpoints" name="test_news_for_symbol_returns_data" time="0.661" /><testcase classname="tests.test_news_sentiment.TestNewsAPIEndpoints" name="test_news_for_multiple_symbols" time="1.843" /><testcase classname="tests.test_news_sentiment.TestNewsAPIEndpoints" name="test_news_sentiment_scores_valid" time="0.642" /><testcase classname="tests.test_news_sentiment.TestWatchlistFunctionality" name="test_watchlist_loads" time="0.102" /><testcase classname="tests.test_news_sentiment.TestWatchlistFunctionality" name="test_watchlist_items_have_required_fields" time="0.105" /><testcase classname="tests.test_news_sentiment.TestWatchlistFunctionality" name="test_add_stock_to_watchlist" time="0.323" /><testcase classname="tests.test_news_sentiment.TestWatchlistFunctionality" name="test_remove_stock_from_watchlist" time="0.148" /><testcase classname="tests.test_news_sentiment.TestWatchlistFunctionality" name="test_watchlist_persists" time="0.187" /><testcase classname="tests.test_news_sentiment.TestInvestmentPage" name="test_investments_scan_returns_data" time="0.199" /><testcase classname="tests.test_news_sentiment.TestInvestmentPage" name="test_investments_browse_returns_data" time="0.123" /><testcase classname="tests.test_news_sentiment.TestDashboardData" name="test_trading_scan_for_dashboard" time="1.427" /><testcase classname="tests.test_news_sentiment.TestDashboardData" name="test_investments_scan_for_dashboard" time="0.207" /><testcase classname="tests.test_news_sentiment.TestHighVolatilityStocks" name="test_day_trading_stocks_in_universe" time="2.569" /></testsuite></testsuites>