<?xml version="1.0" encoding="utf-8"?><testsuites name="pytest tests"><testsuite name="pytest" errors="0" failures="0" skipped="0" tests="8" time="10.655" timestamp="2026-04-01T04:14:49.222563+00:00" hostname="agent-env-369fb371-dfec-4e5a-81d1-42a79df402c3"><testcase classname="backend.tests.test_performance_analytics.TestPerformanceAnalytics" name="test_session_summary_endpoint" time="8.160" /><testcase classname="backend.tests.test_performance_analytics.TestPerformanceAnalytics" name="test_full_report_endpoint" time="0.253" /><testcase classname="backend.tests.test_performance_analytics.TestPerformanceAnalytics" name="test_pipeline_efficiency_endpoint" time="0.284" /><testcase classname="backend.tests.test_performance_analytics.TestPerformanceAnalytics" name="test_trade_quality_endpoint" time="0.233" /><testcase classname="backend.tests.test_performance_analytics.TestPerformanceAnalytics" name="test_best_worst_trades_endpoint" time="0.234" /><testcase classname="backend.tests.test_performance_analytics.TestPerformanceAnalytics" name="test_risk_compliance_endpoint" time="0.213" /><testcase classname="backend.tests.test_performance_analytics.TestPerformanceAnalytics" name="test_regime_performance_endpoint" time="0.235" /><testcase classname="backend.tests.test_performance_analytics.TestPerformanceAnalytics" name="test_all_endpoints_require_auth" time="0.872" /></testsuite></testsuites>