<?xml version="1.0" encoding="utf-8"?><testsuites name="pytest tests"><testsuite name="pytest" errors="0" failures="0" skipped="0" tests="22" time="8.687" timestamp="2026-03-29T02:19:24.871966+00:00" hostname="agent-env-8b125100-71f5-44ba-8b67-1c02af31e7fd"><testcase classname="backend.tests.test_investments_universe.TestInvestmentUniverse" name="test_filters_endpoint_returns_sectors" time="0.254" /><testcase classname="backend.tests.test_investments_universe.TestInvestmentUniverse" name="test_filters_endpoint_returns_signal_counts" time="0.226" /><testcase classname="backend.tests.test_investments_universe.TestInvestmentUniverse" name="test_filters_endpoint_returns_category_counts" time="0.225" /><testcase classname="backend.tests.test_investments_universe.TestInvestmentUniverse" name="test_filters_endpoint_returns_total_signals" time="0.237" /><testcase classname="backend.tests.test_investments_universe.TestInvestmentUniverse" name="test_filters_endpoint_returns_market_cap_ranges" time="0.228" /><testcase classname="backend.tests.test_investments_universe.TestInvestmentUniverse" name="test_browse_endpoint_returns_paginated_results" time="0.241" /><testcase classname="backend.tests.test_investments_universe.TestInvestmentUniverse" name="test_browse_endpoint_pagination_works" time="0.318" /><testcase classname="backend.tests.test_investments_universe.TestInvestmentUniverse" name="test_browse_endpoint_filter_by_sector" time="0.336" /><testcase classname="backend.tests.test_investments_universe.TestInvestmentUniverse" name="test_browse_endpoint_filter_by_signal" time="0.227" /><testcase classname="backend.tests.test_investments_universe.TestInvestmentUniverse" name="test_browse_endpoint_filter_by_min_score" time="0.225" /><testcase classname="backend.tests.test_investments_universe.TestInvestmentUniverse" name="test_browse_endpoint_filter_by_market_cap" time="0.239" /><testcase classname="backend.tests.test_investments_universe.TestInvestmentUniverse" name="test_browse_endpoint_sorting" time="0.209" /><testcase classname="backend.tests.test_investments_universe.TestInvestmentUniverse" name="test_browse_endpoint_returns_stock_details" time="0.221" /><testcase classname="backend.tests.test_investments_universe.TestInvestmentUniverse" name="test_refresh_endpoint_triggers_background_scan" time="0.204" /><testcase classname="backend.tests.test_investments_universe.TestInvestmentUniverse" name="test_scan_endpoint_returns_categorized_signals" time="1.167" /><testcase classname="backend.tests.test_investments_universe.TestInvestmentUniverse" name="test_scan_endpoint_returns_total_analyzed" time="0.302" /><testcase classname="backend.tests.test_investments_universe.TestInvestmentUniverse" name="test_analyze_single_stock" time="0.420" /><testcase classname="backend.tests.test_investments_universe.TestInvestmentUniverse" name="test_analyze_invalid_symbol" time="1.418" /><testcase classname="backend.tests.test_investments_universe.TestInvestmentUniverse" name="test_browse_requires_auth" time="0.225" /><testcase classname="backend.tests.test_investments_universe.TestInvestmentUniverse" name="test_filters_requires_auth" time="0.206" /><testcase classname="backend.tests.test_investments_universe.TestInvestmentUniverse" name="test_refresh_requires_auth" time="1.242" /><testcase classname="backend.tests.test_investments_universe.TestUniverseStats" name="test_universe_stats_endpoint" time="0.258" /></testsuite></testsuites>