<?xml version="1.0" encoding="utf-8"?><testsuites name="pytest tests"><testsuite name="pytest" errors="0" failures="0" skipped="0" tests="20" time="11.424" timestamp="2026-04-09T05:21:24.346377+00:00" hostname="agent-env-369fb371-dfec-4e5a-81d1-42a79df402c3"><testcase classname="backend.tests.test_execution_transparency.TestAuth" name="test_login_with_valid_code" time="6.387" /><testcase classname="backend.tests.test_execution_transparency.TestExecutionRejectionReport" name="test_rejection_report_requires_auth" time="0.145" /><testcase classname="backend.tests.test_execution_transparency.TestExecutionRejectionReport" name="test_rejection_report_returns_structure" time="0.233" /><testcase classname="backend.tests.test_execution_transparency.TestExecutionRejectionReport" name="test_rejection_report_with_date_filter" time="0.111" /><testcase classname="backend.tests.test_execution_transparency.TestExecutionRejectionReport" name="test_rejection_categories_defined" time="0.109" /><testcase classname="backend.tests.test_execution_transparency.TestPipelineStages" name="test_pipeline_stages_requires_auth" time="0.107" /><testcase classname="backend.tests.test_execution_transparency.TestPipelineStages" name="test_pipeline_stages_returns_structure" time="0.120" /><testcase classname="backend.tests.test_execution_transparency.TestPipelineStages" name="test_pipeline_stages_with_date_filter" time="0.140" /><testcase classname="backend.tests.test_execution_transparency.TestAnalyticsByStrategy" name="test_by_strategy_requires_auth" time="0.107" /><testcase classname="backend.tests.test_execution_transparency.TestAnalyticsByStrategy" name="test_by_strategy_returns_three_sections" time="0.481" /><testcase classname="backend.tests.test_execution_transparency.TestAnalyticsByStrategy" name="test_day_trading_analytics_fields" time="0.437" /><testcase classname="backend.tests.test_execution_transparency.TestAnalyticsByStrategy" name="test_round_trips_structure" time="0.447" /><testcase classname="backend.tests.test_execution_transparency.TestAnalyticsByStrategy" name="test_long_term_analytics_fields" time="0.475" /><testcase classname="backend.tests.test_execution_transparency.TestAnalyticsByStrategy" name="test_manual_external_section" time="0.482" /><testcase classname="backend.tests.test_execution_transparency.TestAnalyticsByStrategy" name="test_manual_positions_show_rnr_if_present" time="0.464" /><testcase classname="backend.tests.test_execution_transparency.TestLongTermMarketOverview" name="test_market_overview_requires_auth" time="0.106" /><testcase classname="backend.tests.test_execution_transparency.TestLongTermMarketOverview" name="test_market_overview_returns_companies" time="0.326" /><testcase classname="backend.tests.test_execution_transparency.TestLongTermMarketOverview" name="test_market_overview_company_fields" time="0.323" /><testcase classname="backend.tests.test_execution_transparency.TestLongTermPortfolio" name="test_portfolio_requires_auth" time="0.100" /><testcase classname="backend.tests.test_execution_transparency.TestLongTermPortfolio" name="test_portfolio_returns_structure" time="0.110" /></testsuite></testsuites>