<?xml version="1.0" encoding="utf-8"?><testsuites name="pytest tests"><testsuite name="pytest" errors="0" failures="0" skipped="0" tests="15" time="6.585" timestamp="2026-03-30T04:06:49.299314+00:00" hostname="agent-env-369fb371-dfec-4e5a-81d1-42a79df402c3"><testcase classname="tests.test_auto_trade.TestAutoTradeSystem" name="test_auto_trade_status_returns_200" time="0.509" /><testcase classname="tests.test_auto_trade.TestAutoTradeSystem" name="test_auto_trade_status_requires_auth" time="0.210" /><testcase classname="tests.test_auto_trade.TestAutoTradeSystem" name="test_auto_trade_toggle_on" time="0.218" /><testcase classname="tests.test_auto_trade.TestAutoTradeSystem" name="test_auto_trade_toggle_off" time="0.222" /><testcase classname="tests.test_auto_trade.TestAutoTradeSystem" name="test_toggle_persists_state" time="0.988" /><testcase classname="tests.test_auto_trade.TestAutoTradeSystem" name="test_auto_trade_scan_returns_200" time="0.459" /><testcase classname="tests.test_auto_trade.TestAutoTradeSystem" name="test_scan_long_term_candidates_have_explanation" time="0.499" /><testcase classname="tests.test_auto_trade.TestAutoTradeSystem" name="test_get_settings" time="0.239" /><testcase classname="tests.test_auto_trade.TestAutoTradeSystem" name="test_update_settings" time="0.544" /><testcase classname="tests.test_auto_trade.TestAutoTradeSystem" name="test_update_multiple_settings" time="0.308" /><testcase classname="tests.test_auto_trade.TestAutoTradeSystem" name="test_emergency_pause" time="0.679" /><testcase classname="tests.test_auto_trade.TestAutoTradeSystem" name="test_auto_trade_history" time="0.232" /><testcase classname="tests.test_auto_trade.TestAutoTradeSystem" name="test_market_regime_values" time="0.470" /><testcase classname="tests.test_auto_trade.TestAutoTradeDataIntegrity" name="test_scan_stats_valid" time="0.475" /><testcase classname="tests.test_auto_trade.TestAutoTradeDataIntegrity" name="test_candidate_confidence_scores_valid" time="0.478" /></testsuite></testsuites>