<?xml version="1.0" encoding="utf-8"?><testsuites name="pytest tests"><testsuite name="pytest" errors="0" failures="0" skipped="0" tests="12" time="18.603" timestamp="2026-03-31T04:48:49.408242+00:00" hostname="agent-env-369fb371-dfec-4e5a-81d1-42a79df402c3"><testcase classname="backend.tests.test_overvaluation_scoring.TestOvervaluationScoringFix" name="test_mrvl_not_in_hot_category" time="8.511" /><testcase classname="backend.tests.test_overvaluation_scoring.TestOvervaluationScoringFix" name="test_mrvl_not_in_bullish_category" time="0.826" /><testcase classname="backend.tests.test_overvaluation_scoring.TestOvervaluationScoringFix" name="test_mrvl_in_overpriced_category" time="0.771" /><testcase classname="backend.tests.test_overvaluation_scoring.TestOvervaluationScoringFix" name="test_hot_stocks_have_reasonable_upside" time="0.754" /><testcase classname="backend.tests.test_overvaluation_scoring.TestOvervaluationScoringFix" name="test_bullish_stocks_have_reasonable_upside" time="0.819" /><testcase classname="backend.tests.test_overvaluation_scoring.TestOvervaluationScoringFix" name="test_overpriced_category_exists_and_populated" time="0.821" /><testcase classname="backend.tests.test_overvaluation_scoring.TestOvervaluationScoringFix" name="test_mrvl_price_integrity" time="0.222" /><testcase classname="backend.tests.test_overvaluation_scoring.TestEntryStatusClassification" name="test_auto_trade_scan_has_entry_status" time="1.801" /><testcase classname="backend.tests.test_overvaluation_scoring.TestEntryStatusClassification" name="test_auto_trade_scan_has_price_data" time="1.778" /><testcase classname="backend.tests.test_overvaluation_scoring.TestEntryStatusClassification" name="test_entry_status_distribution" time="1.798" /><testcase classname="backend.tests.test_overvaluation_scoring.TestTickerMappings" name="test_ticker_mappings_returns_known_renames" time="0.209" /><testcase classname="backend.tests.test_overvaluation_scoring.TestTickerMappings" name="test_ticker_mappings_returns_dead_tickers" time="0.219" /></testsuite></testsuites>