<?xml version="1.0" encoding="utf-8"?><testsuites name="pytest tests"><testsuite name="pytest" errors="0" failures="0" skipped="0" tests="25" time="6.785" timestamp="2026-03-29T04:55:54.751422+00:00" hostname="agent-env-8b125100-71f5-44ba-8b67-1c02af31e7fd"><testcase classname="backend.tests.test_paper_execution.TestPaperExecutionAuth" name="test_paper_settings_requires_auth" time="0.137" /><testcase classname="backend.tests.test_paper_execution.TestPaperExecutionAuth" name="test_paper_queue_requires_auth" time="0.108" /><testcase classname="backend.tests.test_paper_execution.TestPaperExecutionAuth" name="test_paper_stats_requires_auth" time="0.100" /><testcase classname="backend.tests.test_paper_execution.TestPaperSettings" name="test_get_paper_settings" time="0.206" /><testcase classname="backend.tests.test_paper_execution.TestPaperSettings" name="test_default_settings_values" time="0.101" /><testcase classname="backend.tests.test_paper_execution.TestPaperSettings" name="test_update_paper_settings" time="0.418" /><testcase classname="backend.tests.test_paper_execution.TestKillSwitch" name="test_get_kill_switch_state" time="0.200" /><testcase classname="backend.tests.test_paper_execution.TestKillSwitch" name="test_toggle_kill_switch_on" time="0.104" /><testcase classname="backend.tests.test_paper_execution.TestKillSwitch" name="test_toggle_kill_switch_off" time="0.101" /><testcase classname="backend.tests.test_paper_execution.TestKillSwitch" name="test_kill_switch_logged_in_audit" time="0.319" /><testcase classname="backend.tests.test_paper_execution.TestTradeQueue" name="test_queue_trade" time="0.212" /><testcase classname="backend.tests.test_paper_execution.TestTradeQueue" name="test_get_trade_queue" time="0.120" /><testcase classname="backend.tests.test_paper_execution.TestTradeQueue" name="test_get_trade_queue_filtered" time="0.105" /><testcase classname="backend.tests.test_paper_execution.TestTradeQueue" name="test_get_paper_stats" time="0.109" /><testcase classname="backend.tests.test_paper_execution.TestTradeWorkflow" name="test_approve_trade_workflow" time="0.427" /><testcase classname="backend.tests.test_paper_execution.TestTradeWorkflow" name="test_reject_trade_workflow" time="0.329" /><testcase classname="backend.tests.test_paper_execution.TestTradeWorkflow" name="test_cancel_pending_trade" time="0.218" /><testcase classname="backend.tests.test_paper_execution.TestTradeWorkflow" name="test_cancel_approved_trade" time="0.376" /><testcase classname="backend.tests.test_paper_execution.TestRiskControls" name="test_risk_check_endpoint" time="0.316" /><testcase classname="backend.tests.test_paper_execution.TestRiskControls" name="test_kill_switch_blocks_execution" time="0.703" /><testcase classname="backend.tests.test_paper_execution.TestRiskControls" name="test_low_confidence_blocked" time="0.765" /><testcase classname="backend.tests.test_paper_execution.TestAuditLog" name="test_get_audit_log" time="0.224" /><testcase classname="backend.tests.test_paper_execution.TestAuditLog" name="test_audit_log_contains_trade_actions" time="0.124" /><testcase classname="backend.tests.test_paper_execution.TestTradeExecution" name="test_execute_approved_trade" time="0.669" /><testcase classname="backend.tests.test_paper_execution.TestTradeExecution" name="test_cannot_execute_pending_trade" time="0.229" /></testsuite></testsuites>