<?xml version="1.0" encoding="utf-8"?><testsuites name="pytest tests"><testsuite name="pytest" errors="0" failures="0" skipped="0" tests="10" time="5.909" timestamp="2026-03-30T02:58:38.758735+00:00" hostname="agent-env-369fb371-dfec-4e5a-81d1-42a79df402c3"><testcase classname="backend.tests.test_historical_performance.TestHistoricalPerformance" name="test_investments_scan_returns_signals" time="0.722" /><testcase classname="backend.tests.test_historical_performance.TestHistoricalPerformance" name="test_signals_have_historical_performance_field" time="0.632" /><testcase classname="backend.tests.test_historical_performance.TestHistoricalPerformance" name="test_historical_performance_structure" time="0.563" /><testcase classname="backend.tests.test_historical_performance.TestHistoricalPerformance" name="test_historical_performance_values_valid" time="0.671" /><testcase classname="backend.tests.test_historical_performance.TestHistoricalPerformance" name="test_aapl_has_long_history" time="0.631" /><testcase classname="backend.tests.test_historical_performance.TestHistoricalPerformance" name="test_investments_refresh_endpoint" time="0.104" /><testcase classname="backend.tests.test_historical_performance.TestHistoricalPerformance" name="test_historical_performance_cagr_values" time="1.178" /><testcase classname="backend.tests.test_historical_performance.TestHistoricalPerformance" name="test_historical_performance_best_worst_years" time="0.600" /><testcase classname="backend.tests.test_historical_performance.TestInvestmentsAPIBasics" name="test_auth_works" time="0.177" /><testcase classname="backend.tests.test_historical_performance.TestInvestmentsAPIBasics" name="test_investments_scan_response_structure" time="0.575" /></testsuite></testsuites>