<?xml version="1.0" encoding="utf-8"?><testsuites name="pytest tests"><testsuite name="pytest" errors="0" failures="0" skipped="0" tests="18" time="15.482" timestamp="2026-03-29T04:24:33.987368+00:00" hostname="agent-env-8b125100-71f5-44ba-8b67-1c02af31e7fd"><testcase classname="backend.tests.test_watchlist.TestWatchlistAPI" name="test_get_empty_watchlist" time="0.996" /><testcase classname="backend.tests.test_watchlist.TestWatchlistAPI" name="test_add_stock_to_watchlist" time="0.931" /><testcase classname="backend.tests.test_watchlist.TestWatchlistAPI" name="test_add_duplicate_stock" time="0.877" /><testcase classname="backend.tests.test_watchlist.TestWatchlistAPI" name="test_add_invalid_stock" time="0.837" /><testcase classname="backend.tests.test_watchlist.TestWatchlistAPI" name="test_add_stock_from_trading" time="0.796" /><testcase classname="backend.tests.test_watchlist.TestWatchlistAPI" name="test_add_stock_from_investments" time="0.847" /><testcase classname="backend.tests.test_watchlist.TestWatchlistAPI" name="test_get_watchlist_with_items" time="0.717" /><testcase classname="backend.tests.test_watchlist.TestWatchlistAPI" name="test_check_watchlist_exists" time="0.730" /><testcase classname="backend.tests.test_watchlist.TestWatchlistAPI" name="test_check_watchlist_not_exists" time="0.680" /><testcase classname="backend.tests.test_watchlist.TestWatchlistAPI" name="test_remove_stock_from_watchlist" time="0.976" /><testcase classname="backend.tests.test_watchlist.TestWatchlistAPI" name="test_remove_nonexistent_stock" time="0.762" /><testcase classname="backend.tests.test_watchlist.TestWatchlistAPI" name="test_update_note" time="0.988" /><testcase classname="backend.tests.test_watchlist.TestWatchlistAPI" name="test_refresh_watchlist" time="0.860" /><testcase classname="backend.tests.test_watchlist.TestWatchlistAPI" name="test_clear_all_watchlist" time="0.923" /><testcase classname="backend.tests.test_watchlist.TestWatchlistAPI" name="test_watchlist_persistence" time="0.913" /><testcase classname="backend.tests.test_watchlist.TestWatchlistAPI" name="test_case_insensitive_symbol" time="0.807" /><testcase classname="backend.tests.test_watchlist.TestWatchlistIntegration" name="test_watchlist_with_investment_signals" time="0.713" /><testcase classname="backend.tests.test_watchlist.TestWatchlistIntegration" name="test_full_watchlist_workflow" time="1.063" /></testsuite></testsuites>