<?xml version="1.0" encoding="utf-8"?><testsuites name="pytest tests"><testsuite name="pytest" errors="0" failures="0" skipped="0" tests="10" time="23.262" timestamp="2026-03-30T10:27:36.814568+00:00" hostname="agent-env-369fb371-dfec-4e5a-81d1-42a79df402c3"><testcase classname="backend.tests.test_mtf_heatmap.TestMTFHeatmapBackend" name="test_scan_returns_mtf_heatmap_array" time="8.029" /><testcase classname="backend.tests.test_mtf_heatmap.TestMTFHeatmapBackend" name="test_scan_returns_mtf_heatmap_distribution" time="1.735" /><testcase classname="backend.tests.test_mtf_heatmap.TestMTFHeatmapBackend" name="test_distribution_has_all_six_categories" time="1.707" /><testcase classname="backend.tests.test_mtf_heatmap.TestMTFHeatmapBackend" name="test_heatmap_entries_have_required_fields" time="1.751" /><testcase classname="backend.tests.test_mtf_heatmap.TestMTFHeatmapBackend" name="test_category_classification_consistency" time="1.696" /><testcase classname="backend.tests.test_mtf_heatmap.TestMTFHeatmapBackend" name="test_direction_consistency" time="1.620" /><testcase classname="backend.tests.test_mtf_heatmap.TestMTFHeatmapBackend" name="test_dedicated_mtf_heatmap_endpoint" time="1.627" /><testcase classname="backend.tests.test_mtf_heatmap.TestMTFHeatmapBackend" name="test_heatmap_sorted_by_confidence" time="1.699" /><testcase classname="backend.tests.test_mtf_heatmap.TestMTFHeatmapBackend" name="test_timing_status_values" time="1.677" /><testcase classname="backend.tests.test_mtf_heatmap.TestMTFHeatmapBackend" name="test_timeframe_values" time="1.652" /></testsuite></testsuites>