<?xml version="1.0" encoding="utf-8"?><testsuites name="pytest tests"><testsuite name="pytest" errors="0" failures="0" skipped="0" tests="27" time="13.906" timestamp="2026-04-13T08:27:46.711492+00:00" hostname="agent-env-369fb371-dfec-4e5a-81d1-42a79df402c3"><testcase classname="backend.tests.test_ui_improvements_v5.TestAuth" name="test_auth_with_valid_code" time="7.657" /><testcase classname="backend.tests.test_ui_improvements_v5.TestPositionsWithLabels" name="test_positions_endpoint_returns_200" time="0.357" /><testcase classname="backend.tests.test_ui_improvements_v5.TestPositionsWithLabels" name="test_positions_have_ownership_field" time="0.245" /><testcase classname="backend.tests.test_ui_improvements_v5.TestPositionsWithLabels" name="test_positions_have_strategy_type_field" time="0.223" /><testcase classname="backend.tests.test_ui_improvements_v5.TestPositionsWithLabels" name="test_positions_have_position_label" time="0.222" /><testcase classname="backend.tests.test_ui_improvements_v5.TestPositionsWithLabels" name="test_positions_have_label_color" time="0.215" /><testcase classname="backend.tests.test_ui_improvements_v5.TestTradeLog" name="test_trade_log_endpoint_returns_200" time="0.099" /><testcase classname="backend.tests.test_ui_improvements_v5.TestTradeLog" name="test_trade_log_has_trades_array" time="0.098" /><testcase classname="backend.tests.test_ui_improvements_v5.TestTradeLog" name="test_trade_log_entries_have_required_fields" time="0.106" /><testcase classname="backend.tests.test_ui_improvements_v5.TestTradeLog" name="test_trade_log_has_entry_reasons" time="0.103" /><testcase classname="backend.tests.test_ui_improvements_v5.TestTradeLog" name="test_trade_log_has_exit_plan" time="0.101" /><testcase classname="backend.tests.test_ui_improvements_v5.TestTradeLog" name="test_trade_log_has_confidence_breakdown" time="0.109" /><testcase classname="backend.tests.test_ui_improvements_v5.TestTradeLog" name="test_trade_log_has_ownership_and_strategy" time="0.104" /><testcase classname="backend.tests.test_ui_improvements_v5.TestExecutionDiagnostics" name="test_diagnostics_endpoint_returns_200" time="0.394" /><testcase classname="backend.tests.test_ui_improvements_v5.TestExecutionDiagnostics" name="test_diagnostics_has_component_utilization" time="0.350" /><testcase classname="backend.tests.test_ui_improvements_v5.TestExecutionDiagnostics" name="test_diagnostics_has_top_signals" time="0.343" /><testcase classname="backend.tests.test_ui_improvements_v5.TestExecutionDiagnostics" name="test_diagnostics_has_passing_threshold_count" time="0.354" /><testcase classname="backend.tests.test_ui_improvements_v5.TestExecutionDiagnostics" name="test_diagnostics_has_market_regime" time="0.362" /><testcase classname="backend.tests.test_ui_improvements_v5.TestRejectionReport" name="test_rejection_report_endpoint_returns_200" time="0.102" /><testcase classname="backend.tests.test_ui_improvements_v5.TestRejectionReport" name="test_rejection_report_has_summary_fields" time="0.101" /><testcase classname="backend.tests.test_ui_improvements_v5.TestRejectionReport" name="test_rejection_report_has_rejection_breakdown" time="0.115" /><testcase classname="backend.tests.test_ui_improvements_v5.TestRejectionReport" name="test_rejection_report_has_entries" time="0.102" /><testcase classname="backend.tests.test_ui_improvements_v5.TestRejectionReport" name="test_rejection_report_has_rejection_categories" time="0.097" /><testcase classname="backend.tests.test_ui_improvements_v5.TestSchedulerSettings" name="test_scheduler_status_returns_200" time="0.100" /><testcase classname="backend.tests.test_ui_improvements_v5.TestSchedulerSettings" name="test_scheduler_has_reentry_cooldown_setting" time="0.098" /><testcase classname="backend.tests.test_ui_improvements_v5.TestAutoTradeScan" name="test_scan_returns_200" time="0.807" /><testcase classname="backend.tests.test_ui_improvements_v5.TestAutoTradeScan" name="test_scan_has_pipeline_funnel" time="0.848" /></testsuite></testsuites>