<?xml version="1.0" encoding="utf-8"?><testsuites name="pytest tests"><testsuite name="pytest" errors="0" failures="0" skipped="0" tests="19" time="3.930" timestamp="2026-03-29T09:23:50.537058+00:00" hostname="agent-env-8b125100-71f5-44ba-8b67-1c02af31e7fd"><testcase classname="backend.tests.test_risky_stocks.TestRiskyStocksAPI" name="test_risky_stocks_endpoint_returns_list" time="0.009" /><testcase classname="backend.tests.test_risky_stocks.TestRiskyStocksAPI" name="test_risky_stocks_contains_meme_stocks" time="0.004" /><testcase classname="backend.tests.test_risky_stocks.TestRiskyStocksAPI" name="test_risky_stocks_contains_leveraged_etfs" time="0.004" /><testcase classname="backend.tests.test_risky_stocks.TestRiskyStocksAPI" name="test_check_symbol_gme_is_risky" time="0.004" /><testcase classname="backend.tests.test_risky_stocks.TestRiskyStocksAPI" name="test_check_symbol_amc_is_risky" time="0.003" /><testcase classname="backend.tests.test_risky_stocks.TestRiskyStocksAPI" name="test_check_symbol_tqqq_is_risky" time="0.003" /><testcase classname="backend.tests.test_risky_stocks.TestRiskyStocksAPI" name="test_check_symbol_aapl_is_not_risky" time="0.003" /><testcase classname="backend.tests.test_risky_stocks.TestRiskyStocksAPI" name="test_check_symbol_msft_is_not_risky" time="0.003" /><testcase classname="backend.tests.test_risky_stocks.TestRiskyStocksAPI" name="test_check_symbol_case_insensitive" time="0.003" /><testcase classname="backend.tests.test_risky_stocks.TestRiskyStocksAPI" name="test_crypto_related_stocks_are_risky" time="0.007" /><testcase classname="backend.tests.test_risky_stocks.TestRiskyStocksAPI" name="test_ev_spacs_are_risky" time="0.006" /><testcase classname="backend.tests.test_risky_stocks.TestInvestmentIdeasCount" name="test_investments_browse_returns_stocks" time="0.015" /><testcase classname="backend.tests.test_risky_stocks.TestInvestmentIdeasCount" name="test_investments_scan_returns_categories" time="0.168" /><testcase classname="backend.tests.test_risky_stocks.TestAutoTradePageIntegration" name="test_paper_settings_endpoint" time="0.005" /><testcase classname="backend.tests.test_risky_stocks.TestAutoTradePageIntegration" name="test_paper_queue_endpoint" time="0.005" /><testcase classname="backend.tests.test_risky_stocks.TestAutoTradePageIntegration" name="test_paper_stats_endpoint" time="0.004" /><testcase classname="backend.tests.test_risky_stocks.TestWatchlistFunctionality" name="test_watchlist_get" time="0.770" /><testcase classname="backend.tests.test_risky_stocks.TestWatchlistFunctionality" name="test_watchlist_add_and_remove" time="0.151" /><testcase classname="backend.tests.test_risky_stocks.TestTradingSignalsWithNewsSentiment" name="test_trading_scan_returns_signals" time="2.681" /></testsuite></testsuites>