<?xml version="1.0" encoding="utf-8"?><testsuites name="pytest tests"><testsuite name="pytest" errors="0" failures="0" skipped="0" tests="8" time="7.144" timestamp="2026-04-01T03:34:49.667441+00:00" hostname="agent-env-369fb371-dfec-4e5a-81d1-42a79df402c3"><testcase classname="tests.test_aggressive_momentum.TestAggressiveMomentumStrategy" name="test_auth_access" time="3.490" /><testcase classname="tests.test_aggressive_momentum.TestAggressiveMomentumStrategy" name="test_scan_endpoint_returns_strategy_object" time="0.652" /><testcase classname="tests.test_aggressive_momentum.TestAggressiveMomentumStrategy" name="test_scan_returns_prefilter_stats" time="0.456" /><testcase classname="tests.test_aggressive_momentum.TestAggressiveMomentumStrategy" name="test_confidence_distribution_tiers" time="0.446" /><testcase classname="tests.test_aggressive_momentum.TestAggressiveMomentumStrategy" name="test_dynamic_thresholds_in_response" time="0.475" /><testcase classname="tests.test_aggressive_momentum.TestAggressiveMomentumStrategy" name="test_pipeline_funnel_in_response" time="0.457" /><testcase classname="tests.test_aggressive_momentum.TestAggressiveMomentumStrategy" name="test_market_session_in_response" time="0.560" /><testcase classname="tests.test_aggressive_momentum.TestAggressiveMomentumStrategy" name="test_risk_mode_in_response" time="0.430" /></testsuite></testsuites>