<?xml version="1.0" encoding="utf-8"?><testsuites name="pytest tests"><testsuite name="pytest" errors="0" failures="0" skipped="0" tests="13" time="4.693" timestamp="2026-03-30T09:03:09.268043+00:00" hostname="agent-env-369fb371-dfec-4e5a-81d1-42a79df402c3"><testcase classname="backend.tests.test_ta_first_refactor.TestAuth" name="test_auth_access_with_valid_code" time="0.123" /><testcase classname="backend.tests.test_ta_first_refactor.TestAutoTradeSettings" name="test_settings_returns_dt_confidence_threshold_65" time="0.247" /><testcase classname="backend.tests.test_ta_first_refactor.TestAutoTradeScan" name="test_scan_returns_required_fields" time="0.416" /><testcase classname="backend.tests.test_ta_first_refactor.TestAutoTradeScan" name="test_scan_pipeline_funnel_has_no_catalyst_passed_stage" time="0.387" /><testcase classname="backend.tests.test_ta_first_refactor.TestAutoTradeScan" name="test_scan_stats_includes_ta_fields" time="0.370" /><testcase classname="backend.tests.test_ta_first_refactor.TestAutoTradeScan" name="test_scan_day_trades_have_ta_key_indicators" time="0.374" /><testcase classname="backend.tests.test_ta_first_refactor.TestAutoTradeScan" name="test_scan_rejected_details_includes_day_trade_rejections" time="0.378" /><testcase classname="backend.tests.test_ta_first_refactor.TestAutoTradeScan" name="test_scan_dynamic_thresholds_structure" time="0.391" /><testcase classname="backend.tests.test_ta_first_refactor.TestRefreshTA" name="test_refresh_ta_triggers_background_refresh" time="0.155" /><testcase classname="backend.tests.test_ta_first_refactor.TestDynamicThresholdManager" name="test_thresholds_adjust_based_on_regime" time="0.371" /><testcase classname="backend.tests.test_ta_first_refactor.TestPipelineFunnelStages" name="test_funnel_stages_are_ordered_correctly" time="0.358" /><testcase classname="backend.tests.test_ta_first_refactor.TestPipelineFunnelStages" name="test_funnel_has_bottleneck_detection" time="0.706" /><testcase classname="backend.tests.test_ta_first_refactor.TestTAEngineIntegration" name="test_scan_uses_ta_signals_from_db" time="0.362" /></testsuite></testsuites>