<?xml version="1.0" encoding="utf-8"?><testsuites name="pytest tests"><testsuite name="pytest" errors="0" failures="0" skipped="0" tests="15" time="9.027" timestamp="2026-03-29T08:24:40.192095+00:00" hostname="agent-env-8b125100-71f5-44ba-8b67-1c02af31e7fd"><testcase classname="backend.tests.test_trading_quality.TestTradingSignals" name="test_trading_scan_returns_data" time="2.638" /><testcase classname="backend.tests.test_trading_quality.TestTradingSignals" name="test_top_trades_section_exists" time="1.054" /><testcase classname="backend.tests.test_trading_quality.TestTradingSignals" name="test_top_trade_has_entry_stop_target" time="1.045" /><testcase classname="backend.tests.test_trading_quality.TestTradingSignals" name="test_diagnostics_panel_data" time="1.128" /><testcase classname="backend.tests.test_trading_quality.TestTradingSignals" name="test_trading_categories_have_reasonable_counts" time="1.232" /><testcase classname="backend.tests.test_trading_quality.TestTradingSignals" name="test_trading_analyze_single_symbol" time="0.335" /><testcase classname="backend.tests.test_trading_quality.TestInvestmentSignals" name="test_investment_scan_returns_categories" time="0.204" /><testcase classname="backend.tests.test_trading_quality.TestInvestmentSignals" name="test_investment_signal_has_bull_bear_case" time="0.185" /><testcase classname="backend.tests.test_trading_quality.TestInvestmentSignals" name="test_investment_browse_returns_data" time="0.114" /><testcase classname="backend.tests.test_trading_quality.TestInvestmentSignals" name="test_investment_filters_endpoint" time="0.108" /><testcase classname="backend.tests.test_trading_quality.TestWatchlist" name="test_watchlist_get" time="0.122" /><testcase classname="backend.tests.test_trading_quality.TestWatchlist" name="test_watchlist_add_remove" time="0.308" /><testcase classname="backend.tests.test_trading_quality.TestWatchlist" name="test_watchlist_check" time="0.096" /><testcase classname="backend.tests.test_trading_quality.TestPrices" name="test_batch_prices" time="0.276" /><testcase classname="backend.tests.test_trading_quality.TestPrices" name="test_single_price" time="0.097" /></testsuite></testsuites>